[ 2019-01-30T00:00:04+08:00 ] ::1 /tp/index.php/Home/Article/infos/id/56
INFO: [ app_init ] --START--
INFO: Run Behavior\BuildLiteBehavior [ RunTime:0.000000s ]
INFO: [ app_init ] --END-- [ RunTime:0.001000s ]
INFO: [ app_begin ] --START--
INFO: Run Behavior\ReadHtmlCacheBehavior [ RunTime:0.001000s ]
INFO: [ app_begin ] --END-- [ RunTime:0.001000s ]
SQL: SHOW COLUMNS FROM `think_cate` [ RunTime:0.002000s ]
SQL: SELECT * FROM `think_cate` ORDER BY sort desc  [ RunTime:0.000000s ]
SQL: SHOW COLUMNS FROM `think_link` [ RunTime:0.003000s ]
SQL: SELECT * FROM `think_link` ORDER BY sort desc  [ RunTime:0.000000s ]
SQL: SHOW COLUMNS FROM `think_navigation` [ RunTime:0.003000s ]
SQL: SELECT * FROM `think_navigation` ORDER BY sort desc  [ RunTime:0.000000s ]
SQL: SHOW COLUMNS FROM `think_admin` [ RunTime:0.003000s ]
SQL: SELECT * FROM `think_admin` WHERE `id` = 3 LIMIT 1   [ RunTime:0.000000s ]
SQL: SHOW COLUMNS FROM `think_logo` [ RunTime:0.003000s ]
SQL: SELECT * FROM `think_logo` WHERE `id` = 56 LIMIT 1   [ RunTime:0.000000s ]
SQL: UPDATE `think_logo` SET `sum`=16 WHERE `id` = 56 [ RunTime:0.176000s ]
SQL: SELECT * FROM `think_logo` WHERE `cateid` = 6 ORDER BY sum desc LIMIT 4   [ RunTime:0.003000s ]
SQL: SHOW COLUMNS FROM `think_likes` [ RunTime:0.010000s ]
SQL: SELECT * FROM `think_likes` WHERE `article_id` = 56 ORDER BY time desc  [ RunTime:0.001000s ]
SQL: SHOW COLUMNS FROM `think_article` [ RunTime:0.010000s ]
SQL: SELECT * FROM `think_article` WHERE ( id<56 ) ORDER BY id desc LIMIT 1   [ RunTime:0.002000s ]
SQL: SELECT * FROM `think_article` WHERE ( id>56 ) ORDER BY id desc LIMIT 1   [ RunTime:0.001000s ]
SQL: SELECT * FROM `think_article` WHERE `cateid` = 6 ORDER BY sum desc LIMIT 4   [ RunTime:0.001000s ]
SQL: SELECT COUNT(*) AS tp_count FROM `think_article` LIMIT 1   [ RunTime:0.000000s ]
SQL: SELECT * FROM `think_article`  [ RunTime:0.005000s ]
SQL: SELECT COUNT(*) AS tp_count FROM `think_article` LIMIT 1   [ RunTime:0.001000s ]
SQL: SELECT * FROM `think_article`  [ RunTime:0.004000s ]
SQL: SELECT COUNT(*) AS tp_count FROM `think_article` LIMIT 1   [ RunTime:0.001000s ]
SQL: SELECT * FROM `think_article`  [ RunTime:0.005000s ]
SQL: SELECT COUNT(*) AS tp_count FROM `think_article` LIMIT 1   [ RunTime:0.001000s ]
SQL: SELECT * FROM `think_article`  [ RunTime:0.003000s ]
SQL: SELECT COUNT(*) AS tp_count FROM `think_article` LIMIT 1   [ RunTime:0.001000s ]
SQL: SELECT * FROM `think_article`  [ RunTime:0.003000s ]
SQL: SELECT COUNT(*) AS tp_count FROM `think_article` LIMIT 1   [ RunTime:0.001000s ]
SQL: SELECT * FROM `think_article`  [ RunTime:0.002000s ]
SQL: SELECT COUNT(*) AS tp_count FROM `think_article` LIMIT 1   [ RunTime:0.000000s ]
SQL: SELECT * FROM `think_article`  [ RunTime:0.003000s ]
SQL: SELECT COUNT(*) AS tp_count FROM `think_article` LIMIT 1   [ RunTime:0.000000s ]
SQL: SELECT * FROM `think_article`  [ RunTime:0.003000s ]
SQL: SELECT COUNT(*) AS tp_count FROM `think_article` LIMIT 1   [ RunTime:0.000000s ]
SQL: SELECT * FROM `think_article`  [ RunTime:0.002000s ]
SQL: SELECT COUNT(*) AS tp_count FROM `think_article` LIMIT 1   [ RunTime:0.000000s ]
SQL: SELECT * FROM `think_article`  [ RunTime:0.002000s ]
SQL: SELECT COUNT(*) AS tp_count FROM `think_article` LIMIT 1   [ RunTime:0.000000s ]
SQL: SELECT * FROM `think_article`  [ RunTime:0.004000s ]
SQL: SELECT COUNT(*) AS tp_count FROM `think_article` LIMIT 1   [ RunTime:0.001000s ]
SQL: SELECT * FROM `think_article`  [ RunTime:0.004000s ]
SQL: SELECT COUNT(*) AS tp_count FROM `think_article` LIMIT 1   [ RunTime:0.001000s ]
SQL: SELECT * FROM `think_article`  [ RunTime:0.003000s ]
SQL: SELECT COUNT(*) AS tp_count FROM `think_article` LIMIT 1   [ RunTime:0.000000s ]
SQL: SELECT * FROM `think_article`  [ RunTime:0.003000s ]
SQL: SELECT COUNT(*) AS tp_count FROM `think_article` LIMIT 1   [ RunTime:0.001000s ]
SQL: SELECT * FROM `think_article`  [ RunTime:0.003000s ]
SQL: SELECT COUNT(*) AS tp_count FROM `think_article` LIMIT 1   [ RunTime:0.000000s ]
SQL: SELECT * FROM `think_article`  [ RunTime:0.003000s ]
SQL: SELECT COUNT(*) AS tp_count FROM `think_article` LIMIT 1   [ RunTime:0.001000s ]
SQL: SELECT * FROM `think_article`  [ RunTime:0.004000s ]
SQL: SELECT COUNT(*) AS tp_count FROM `think_article` LIMIT 1   [ RunTime:0.001000s ]
SQL: SELECT * FROM `think_article`  [ RunTime:0.004000s ]
SQL: SELECT COUNT(*) AS tp_count FROM `think_article` LIMIT 1   [ RunTime:0.001000s ]
SQL: SELECT * FROM `think_article`  [ RunTime:0.002000s ]
SQL: SELECT COUNT(*) AS tp_count FROM `think_article` LIMIT 1   [ RunTime:0.000000s ]
SQL: SELECT * FROM `think_article`  [ RunTime:0.003000s ]
SQL: SELECT COUNT(*) AS tp_count FROM `think_article` LIMIT 1   [ RunTime:0.000000s ]
SQL: SELECT * FROM `think_article`  [ RunTime:0.003000s ]
SQL: SELECT COUNT(*) AS tp_count FROM `think_article` LIMIT 1   [ RunTime:0.001000s ]
SQL: SELECT * FROM `think_article`  [ RunTime:0.003000s ]
SQL: SELECT COUNT(*) AS tp_count FROM `think_article` LIMIT 1   [ RunTime:0.000000s ]
SQL: SELECT * FROM `think_article`  [ RunTime:0.003000s ]
SQL: SELECT COUNT(*) AS tp_count FROM `think_article` LIMIT 1   [ RunTime:0.000000s ]
SQL: SELECT * FROM `think_article`  [ RunTime:0.003000s ]
SQL: SELECT COUNT(*) AS tp_count FROM `think_article` LIMIT 1   [ RunTime:0.001000s ]
SQL: SELECT * FROM `think_article`  [ RunTime:0.003000s ]
SQL: SELECT COUNT(*) AS tp_count FROM `think_article` LIMIT 1   [ RunTime:0.001000s ]
SQL: SELECT * FROM `think_article`  [ RunTime:0.003000s ]
SQL: SELECT COUNT(*) AS tp_count FROM `think_article` LIMIT 1   [ RunTime:0.001000s ]
SQL: SELECT * FROM `think_article`  [ RunTime:0.003000s ]
SQL: SELECT COUNT(*) AS tp_count FROM `think_article` LIMIT 1   [ RunTime:0.001000s ]
SQL: SELECT * FROM `think_article`  [ RunTime:0.003000s ]
SQL: SELECT COUNT(*) AS tp_count FROM `think_article` LIMIT 1   [ RunTime:0.001000s ]
SQL: SELECT * FROM `think_article`  [ RunTime:0.004000s ]
SQL: SELECT COUNT(*) AS tp_count FROM `think_article` LIMIT 1   [ RunTime:0.000000s ]
SQL: SELECT * FROM `think_article`  [ RunTime:0.003000s ]
SQL: SELECT COUNT(*) AS tp_count FROM `think_article` LIMIT 1   [ RunTime:0.000000s ]
SQL: SELECT * FROM `think_article`  [ RunTime:0.003000s ]
SQL: SELECT COUNT(*) AS tp_count FROM `think_article` LIMIT 1   [ RunTime:0.000000s ]
SQL: SELECT * FROM `think_article`  [ RunTime:0.004000s ]
SQL: SELECT COUNT(*) AS tp_count FROM `think_article` LIMIT 1   [ RunTime:0.001000s ]
SQL: SELECT * FROM `think_article`  [ RunTime:0.003000s ]
SQL: SELECT COUNT(*) AS tp_count FROM `think_article` LIMIT 1   [ RunTime:0.000000s ]
SQL: SELECT * FROM `think_article`  [ RunTime:0.003000s ]
SQL: SELECT COUNT(*) AS tp_count FROM `think_article` LIMIT 1   [ RunTime:0.000000s ]
SQL: SELECT * FROM `think_article`  [ RunTime:0.002000s ]
SQL: SELECT COUNT(*) AS tp_count FROM `think_article` LIMIT 1   [ RunTime:0.001000s ]
SQL: SELECT * FROM `think_article`  [ RunTime:0.003000s ]
SQL: SELECT COUNT(*) AS tp_count FROM `think_article` LIMIT 1   [ RunTime:0.000000s ]
SQL: SELECT * FROM `think_article`  [ RunTime:0.003000s ]
SQL: SELECT COUNT(*) AS tp_count FROM `think_article` LIMIT 1   [ RunTime:0.001000s ]
SQL: SELECT * FROM `think_article`  [ RunTime:0.003000s ]
SQL: SELECT COUNT(*) AS tp_count FROM `think_article` LIMIT 1   [ RunTime:0.001000s ]
SQL: SELECT * FROM `think_article`  [ RunTime:0.003000s ]
SQL: SELECT COUNT(*) AS tp_count FROM `think_article` LIMIT 1   [ RunTime:0.000000s ]
SQL: SELECT * FROM `think_article`  [ RunTime:0.003000s ]
SQL: SELECT COUNT(*) AS tp_count FROM `think_article` LIMIT 1   [ RunTime:0.001000s ]
SQL: SELECT * FROM `think_article`  [ RunTime:0.004000s ]
SQL: SELECT COUNT(*) AS tp_count FROM `think_article` LIMIT 1   [ RunTime:0.001000s ]
SQL: SELECT * FROM `think_article`  [ RunTime:0.004000s ]
SQL: SELECT COUNT(*) AS tp_count FROM `think_article` LIMIT 1   [ RunTime:0.001000s ]
SQL: SELECT * FROM `think_article`  [ RunTime:0.003000s ]
SQL: SELECT COUNT(*) AS tp_count FROM `think_article` LIMIT 1   [ RunTime:0.001000s ]
SQL: SELECT * FROM `think_article`  [ RunTime:0.003000s ]
SQL: SELECT COUNT(*) AS tp_count FROM `think_article` LIMIT 1   [ RunTime:0.000000s ]
SQL: SELECT * FROM `think_article`  [ RunTime:0.003000s ]
SQL: SELECT COUNT(*) AS tp_count FROM `think_article` LIMIT 1   [ RunTime:0.001000s ]
SQL: SELECT * FROM `think_article`  [ RunTime:0.003000s ]
SQL: SELECT COUNT(*) AS tp_count FROM `think_article` LIMIT 1   [ RunTime:0.001000s ]
SQL: SELECT * FROM `think_article`  [ RunTime:0.003000s ]
SQL: SELECT COUNT(*) AS tp_count FROM `think_article` LIMIT 1   [ RunTime:0.001000s ]
SQL: SELECT * FROM `think_article`  [ RunTime:0.004000s ]
SQL: SELECT COUNT(*) AS tp_count FROM `think_article` LIMIT 1   [ RunTime:0.000000s ]
SQL: SELECT * FROM `think_article`  [ RunTime:0.003000s ]
SQL: SELECT COUNT(*) AS tp_count FROM `think_article` LIMIT 1   [ RunTime:0.001000s ]
SQL: SELECT * FROM `think_article`  [ RunTime:0.003000s ]
SQL: SELECT COUNT(*) AS tp_count FROM `think_article` LIMIT 1   [ RunTime:0.001000s ]
SQL: SELECT * FROM `think_article`  [ RunTime:0.003000s ]
SQL: SELECT COUNT(*) AS tp_count FROM `think_article` LIMIT 1   [ RunTime:0.000000s ]
SQL: SELECT * FROM `think_article`  [ RunTime:0.003000s ]
SQL: SELECT COUNT(*) AS tp_count FROM `think_article` LIMIT 1   [ RunTime:0.001000s ]
SQL: SELECT * FROM `think_article`  [ RunTime:0.003000s ]
SQL: SELECT COUNT(*) AS tp_count FROM `think_article` LIMIT 1   [ RunTime:0.000000s ]
SQL: SELECT * FROM `think_article`  [ RunTime:0.003000s ]
SQL: SELECT COUNT(*) AS tp_count FROM `think_article` LIMIT 1   [ RunTime:0.001000s ]
SQL: SELECT * FROM `think_article`  [ RunTime:0.003000s ]
SQL: SELECT COUNT(*) AS tp_count FROM `think_article` LIMIT 1   [ RunTime:0.001000s ]
SQL: SELECT * FROM `think_article`  [ RunTime:0.003000s ]
SQL: SELECT COUNT(*) AS tp_count FROM `think_article` LIMIT 1   [ RunTime:0.000000s ]
SQL: SELECT * FROM `think_article`  [ RunTime:0.004000s ]
SQL: SELECT COUNT(*) AS tp_count FROM `think_article` LIMIT 1   [ RunTime:0.001000s ]
SQL: SELECT * FROM `think_article`  [ RunTime:0.003000s ]
SQL: SELECT COUNT(*) AS tp_count FROM `think_article` LIMIT 1   [ RunTime:0.000000s ]
SQL: SELECT * FROM `think_article`  [ RunTime:0.003000s ]
SQL: SELECT COUNT(*) AS tp_count FROM `think_article` LIMIT 1   [ RunTime:0.001000s ]
SQL: SELECT * FROM `think_article`  [ RunTime:0.003000s ]
SQL: SELECT COUNT(*) AS tp_count FROM `think_article` LIMIT 1   [ RunTime:0.001000s ]
SQL: SELECT * FROM `think_article`  [ RunTime:0.003000s ]
SQL: SELECT COUNT(*) AS tp_count FROM `think_article` LIMIT 1   [ RunTime:0.000000s ]
SQL: SELECT * FROM `think_article`  [ RunTime:0.003000s ]
SQL: SELECT COUNT(*) AS tp_count FROM `think_article` LIMIT 1   [ RunTime:0.001000s ]
SQL: SELECT * FROM `think_article`  [ RunTime:0.003000s ]
SQL: SELECT COUNT(*) AS tp_count FROM `think_article` LIMIT 1   [ RunTime:0.001000s ]
SQL: SELECT * FROM `think_article`  [ RunTime:0.003000s ]
SQL: SELECT COUNT(*) AS tp_count FROM `think_article` LIMIT 1   [ RunTime:0.001000s ]
SQL: SELECT * FROM `think_article`  [ RunTime:0.003000s ]
SQL: SELECT COUNT(*) AS tp_count FROM `think_article` LIMIT 1   [ RunTime:0.001000s ]
SQL: SELECT * FROM `think_article`  [ RunTime:0.003000s ]
SQL: SELECT COUNT(*) AS tp_count FROM `think_article` LIMIT 1   [ RunTime:0.001000s ]
SQL: SELECT * FROM `think_article`  [ RunTime:0.004000s ]
SQL: SELECT COUNT(*) AS tp_count FROM `think_article` LIMIT 1   [ RunTime:0.001000s ]
SQL: SELECT * FROM `think_article`  [ RunTime:0.004000s ]
SQL: SELECT * FROM `think_cate` WHERE `id` = 6 LIMIT 1   [ RunTime:0.001000s ]
INFO: [ view_parse ] --START--
INFO: [ template_filter ] --START--
INFO: Run Behavior\ContentReplaceBehavior [ RunTime:0.000000s ]
INFO: [ template_filter ] --END-- [ RunTime:0.000000s ]
INFO: Run Behavior\ParseTemplateBehavior [ RunTime:0.020000s ]
INFO: [ view_parse ] --END-- [ RunTime:0.020000s ]
INFO: [ view_filter ] --START--
INFO: Run Behavior\WriteHtmlCacheBehavior [ RunTime:0.002000s ]
INFO: [ view_filter ] --END-- [ RunTime:0.002000s ]
INFO: [ app_end ] --START--
INFO: Run Behavior\ShowPageTraceBehavior [ RunTime:0.002000s ]
INFO: [ app_end ] --END-- [ RunTime:0.002000s ]

[ 2019-01-30T00:00:09+08:00 ] ::1 /tp/index.php/Home/Article/infos/id/55
INFO: [ app_init ] --START--
INFO: Run Behavior\BuildLiteBehavior [ RunTime:0.000000s ]
INFO: [ app_init ] --END-- [ RunTime:0.001000s ]
INFO: [ app_begin ] --START--
INFO: Run Behavior\ReadHtmlCacheBehavior [ RunTime:0.001000s ]
INFO: [ app_begin ] --END-- [ RunTime:0.001000s ]
SQL: SHOW COLUMNS FROM `think_cate` [ RunTime:0.005000s ]
SQL: SELECT * FROM `think_cate` ORDER BY sort desc  [ RunTime:0.001000s ]
SQL: SHOW COLUMNS FROM `think_link` [ RunTime:0.005000s ]
SQL: SELECT * FROM `think_link` ORDER BY sort desc  [ RunTime:0.001000s ]
SQL: SHOW COLUMNS FROM `think_navigation` [ RunTime:0.005000s ]
SQL: SELECT * FROM `think_navigation` ORDER BY sort desc  [ RunTime:0.000000s ]
SQL: SHOW COLUMNS FROM `think_admin` [ RunTime:0.004000s ]
SQL: SELECT * FROM `think_admin` WHERE `id` = 3 LIMIT 1   [ RunTime:0.000000s ]
SQL: SHOW COLUMNS FROM `think_logo` [ RunTime:0.004000s ]
SQL: SELECT * FROM `think_logo` WHERE `id` = 55 LIMIT 1   [ RunTime:0.000000s ]
SQL: UPDATE `think_logo` SET `sum`=5 WHERE `id` = 55 [ RunTime:0.081000s ]
SQL: SELECT * FROM `think_logo` WHERE `cateid` = 6 ORDER BY sum desc LIMIT 4   [ RunTime:0.002000s ]
SQL: SHOW COLUMNS FROM `think_likes` [ RunTime:0.009000s ]
SQL: SELECT * FROM `think_likes` WHERE `article_id` = 55 ORDER BY time desc  [ RunTime:0.000000s ]
SQL: SHOW COLUMNS FROM `think_article` [ RunTime:0.008000s ]
SQL: SELECT * FROM `think_article` WHERE ( id<55 ) ORDER BY id desc LIMIT 1   [ RunTime:0.002000s ]
SQL: SELECT * FROM `think_article` WHERE ( id>55 ) ORDER BY id desc LIMIT 1   [ RunTime:0.001000s ]
SQL: SELECT * FROM `think_article` WHERE `cateid` = 6 ORDER BY sum desc LIMIT 4   [ RunTime:0.002000s ]
SQL: SELECT COUNT(*) AS tp_count FROM `think_article` LIMIT 1   [ RunTime:0.000000s ]
SQL: SELECT * FROM `think_article`  [ RunTime:0.003000s ]
SQL: SELECT COUNT(*) AS tp_count FROM `think_article` LIMIT 1   [ RunTime:0.001000s ]
SQL: SELECT * FROM `think_article`  [ RunTime:0.002000s ]
SQL: SELECT COUNT(*) AS tp_count FROM `think_article` LIMIT 1   [ RunTime:0.000000s ]
SQL: SELECT * FROM `think_article`  [ RunTime:0.003000s ]
SQL: SELECT COUNT(*) AS tp_count FROM `think_article` LIMIT 1   [ RunTime:0.001000s ]
SQL: SELECT * FROM `think_article`  [ RunTime:0.002000s ]
SQL: SELECT COUNT(*) AS tp_count FROM `think_article` LIMIT 1   [ RunTime:0.001000s ]
SQL: SELECT * FROM `think_article`  [ RunTime:0.002000s ]
SQL: SELECT COUNT(*) AS tp_count FROM `think_article` LIMIT 1   [ RunTime:0.000000s ]
SQL: SELECT * FROM `think_article`  [ RunTime:0.002000s ]
SQL: SELECT COUNT(*) AS tp_count FROM `think_article` LIMIT 1   [ RunTime:0.000000s ]
SQL: SELECT * FROM `think_article`  [ RunTime:0.002000s ]
SQL: SELECT COUNT(*) AS tp_count FROM `think_article` LIMIT 1   [ RunTime:0.000000s ]
SQL: SELECT * FROM `think_article`  [ RunTime:0.003000s ]
SQL: SELECT COUNT(*) AS tp_count FROM `think_article` LIMIT 1   [ RunTime:0.000000s ]
SQL: SELECT * FROM `think_article`  [ RunTime:0.002000s ]
SQL: SELECT COUNT(*) AS tp_count FROM `think_article` LIMIT 1   [ RunTime:0.001000s ]
SQL: SELECT * FROM `think_article`  [ RunTime:0.002000s ]
SQL: SELECT COUNT(*) AS tp_count FROM `think_article` LIMIT 1   [ RunTime:0.001000s ]
SQL: SELECT * FROM `think_article`  [ RunTime:0.002000s ]
SQL: SELECT COUNT(*) AS tp_count FROM `think_article` LIMIT 1   [ RunTime:0.000000s ]
SQL: SELECT * FROM `think_article`  [ RunTime:0.003000s ]
SQL: SELECT COUNT(*) AS tp_count FROM `think_article` LIMIT 1   [ RunTime:0.000000s ]
SQL: SELECT * FROM `think_article`  [ RunTime:0.003000s ]
SQL: SELECT COUNT(*) AS tp_count FROM `think_article` LIMIT 1   [ RunTime:0.001000s ]
SQL: SELECT * FROM `think_article`  [ RunTime:0.002000s ]
SQL: SELECT COUNT(*) AS tp_count FROM `think_article` LIMIT 1   [ RunTime:0.000000s ]
SQL: SELECT * FROM `think_article`  [ RunTime:0.003000s ]
SQL: SELECT COUNT(*) AS tp_count FROM `think_article` LIMIT 1   [ RunTime:0.000000s ]
SQL: SELECT * FROM `think_article`  [ RunTime:0.002000s ]
SQL: SELECT COUNT(*) AS tp_count FROM `think_article` LIMIT 1   [ RunTime:0.001000s ]
SQL: SELECT * FROM `think_article`  [ RunTime:0.002000s ]
SQL: SELECT COUNT(*) AS tp_count FROM `think_article` LIMIT 1   [ RunTime:0.001000s ]
SQL: SELECT * FROM `think_article`  [ RunTime:0.002000s ]
SQL: SELECT COUNT(*) AS tp_count FROM `think_article` LIMIT 1   [ RunTime:0.001000s ]
SQL: SELECT * FROM `think_article`  [ RunTime:0.002000s ]
SQL: SELECT COUNT(*) AS tp_count FROM `think_article` LIMIT 1   [ RunTime:0.001000s ]
SQL: SELECT * FROM `think_article`  [ RunTime:0.002000s ]
SQL: SELECT COUNT(*) AS tp_count FROM `think_article` LIMIT 1   [ RunTime:0.001000s ]
SQL: SELECT * FROM `think_article`  [ RunTime:0.003000s ]
SQL: SELECT COUNT(*) AS tp_count FROM `think_article` LIMIT 1   [ RunTime:0.000000s ]
SQL: SELECT * FROM `think_article`  [ RunTime:0.003000s ]
SQL: SELECT COUNT(*) AS tp_count FROM `think_article` LIMIT 1   [ RunTime:0.000000s ]
SQL: SELECT * FROM `think_article`  [ RunTime:0.002000s ]
NOTIC: [8] Undefined offset: 13 G:\xmapp\htdocs\tp\Application\Home\Controller\ArticleController.class.php 第 128 行.
SQL: SELECT COUNT(*) AS tp_count FROM `think_article` LIMIT 1   [ RunTime:0.000000s ]
SQL: SELECT * FROM `think_article`  [ RunTime:0.002000s ]
SQL: SELECT COUNT(*) AS tp_count FROM `think_article` LIMIT 1   [ RunTime:0.000000s ]
SQL: SELECT * FROM `think_article`  [ RunTime:0.002000s ]
SQL: SELECT COUNT(*) AS tp_count FROM `think_article` LIMIT 1   [ RunTime:0.000000s ]
SQL: SELECT * FROM `think_article`  [ RunTime:0.002000s ]
SQL: SELECT COUNT(*) AS tp_count FROM `think_article` LIMIT 1   [ RunTime:0.000000s ]
SQL: SELECT * FROM `think_article`  [ RunTime:0.003000s ]
SQL: SELECT COUNT(*) AS tp_count FROM `think_article` LIMIT 1   [ RunTime:0.000000s ]
SQL: SELECT * FROM `think_article`  [ RunTime:0.003000s ]
SQL: SELECT COUNT(*) AS tp_count FROM `think_article` LIMIT 1   [ RunTime:0.001000s ]
SQL: SELECT * FROM `think_article`  [ RunTime:0.003000s ]
SQL: SELECT COUNT(*) AS tp_count FROM `think_article` LIMIT 1   [ RunTime:0.000000s ]
SQL: SELECT * FROM `think_article`  [ RunTime:0.002000s ]
SQL: SELECT * FROM `think_cate` WHERE `id` = 6 LIMIT 1   [ RunTime:0.001000s ]
INFO: [ view_parse ] --START--
INFO: [ template_filter ] --START--
INFO: Run Behavior\ContentReplaceBehavior [ RunTime:0.000000s ]
INFO: [ template_filter ] --END-- [ RunTime:0.000000s ]
INFO: Run Behavior\ParseTemplateBehavior [ RunTime:0.015000s ]
INFO: [ view_parse ] --END-- [ RunTime:0.015000s ]
INFO: [ view_filter ] --START--
INFO: Run Behavior\WriteHtmlCacheBehavior [ RunTime:0.001000s ]
INFO: [ view_filter ] --END-- [ RunTime:0.001000s ]
INFO: [ app_end ] --START--
INFO: Run Behavior\ShowPageTraceBehavior [ RunTime:0.002000s ]
INFO: [ app_end ] --END-- [ RunTime:0.002000s ]

[ 2019-01-30T00:08:24+08:00 ] ::1 /tp/
INFO: [ app_init ] --START--
INFO: Run Behavior\BuildLiteBehavior [ RunTime:0.000000s ]
INFO: [ app_init ] --END-- [ RunTime:0.002500s ]
INFO: [ app_begin ] --START--
INFO: Run Behavior\ReadHtmlCacheBehavior [ RunTime:0.002500s ]
INFO: [ app_begin ] --END-- [ RunTime:0.002500s ]
SQL: SHOW COLUMNS FROM `think_cate` [ RunTime:0.055000s ]
SQL: SELECT * FROM `think_cate` ORDER BY sort desc  [ RunTime:0.000000s ]
SQL: SHOW COLUMNS FROM `think_link` [ RunTime:0.010000s ]
SQL: SELECT * FROM `think_link` ORDER BY sort desc  [ RunTime:0.000000s ]
SQL: SHOW COLUMNS FROM `think_navigation` [ RunTime:0.007500s ]
SQL: SELECT * FROM `think_navigation` ORDER BY sort desc  [ RunTime:0.000000s ]
SQL: SHOW COLUMNS FROM `think_article` [ RunTime:0.042500s ]
SQL: SHOW COLUMNS FROM `think_logo` [ RunTime:0.030000s ]
SQL: SELECT * FROM `think_logo` WHERE `cateid` = 5 ORDER BY sum desc LIMIT 5   [ RunTime:0.047500s ]
SQL: SELECT * FROM `think_logo` WHERE `cateid` = 6 ORDER BY time desc LIMIT 5   [ RunTime:0.000000s ]
SQL: SELECT * FROM `think_article` WHERE `cateid` = 7 ORDER BY id desc LIMIT 6   [ RunTime:0.085000s ]
INFO: [ view_parse ] --START--
INFO: [ template_filter ] --START--
INFO: Run Behavior\ContentReplaceBehavior [ RunTime:0.000000s ]
INFO: [ template_filter ] --END-- [ RunTime:0.000000s ]
INFO: Run Behavior\ParseTemplateBehavior [ RunTime:0.037500s ]
INFO: [ view_parse ] --END-- [ RunTime:0.037500s ]
INFO: [ view_filter ] --START--
INFO: Run Behavior\WriteHtmlCacheBehavior [ RunTime:0.000000s ]
INFO: [ view_filter ] --END-- [ RunTime:0.000000s ]
INFO: [ app_end ] --START--
INFO: Run Behavior\ShowPageTraceBehavior [ RunTime:0.010000s ]
INFO: [ app_end ] --END-- [ RunTime:0.010000s ]

[ 2019-01-30T00:08:47+08:00 ] ::1 /tp/
INFO: [ app_init ] --START--
INFO: Run Behavior\BuildLiteBehavior [ RunTime:0.000000s ]
INFO: [ app_init ] --END-- [ RunTime:0.002500s ]
INFO: [ app_begin ] --START--
INFO: Run Behavior\ReadHtmlCacheBehavior [ RunTime:0.000000s ]
INFO: [ app_begin ] --END-- [ RunTime:0.000000s ]
SQL: SHOW COLUMNS FROM `think_cate` [ RunTime:0.002500s ]
SQL: SELECT * FROM `think_cate` ORDER BY sort desc  [ RunTime:0.000000s ]
SQL: SHOW COLUMNS FROM `think_link` [ RunTime:0.002500s ]
SQL: SELECT * FROM `think_link` ORDER BY sort desc  [ RunTime:0.000000s ]
SQL: SHOW COLUMNS FROM `think_navigation` [ RunTime:0.000000s ]
SQL: SELECT * FROM `think_navigation` ORDER BY sort desc  [ RunTime:0.000000s ]
SQL: SHOW COLUMNS FROM `think_article` [ RunTime:0.000000s ]
SQL: SHOW COLUMNS FROM `think_logo` [ RunTime:0.002500s ]
SQL: SELECT * FROM `think_logo` WHERE `cateid` = 5 ORDER BY sum desc LIMIT 5   [ RunTime:0.002500s ]
SQL: SELECT * FROM `think_logo` WHERE `cateid` = 6 ORDER BY time desc LIMIT 5   [ RunTime:0.000000s ]
SQL: SELECT * FROM `think_article` WHERE `cateid` = 7 ORDER BY id desc LIMIT 6   [ RunTime:0.002500s ]
INFO: [ view_parse ] --START--
INFO: [ template_filter ] --START--
INFO: Run Behavior\ContentReplaceBehavior [ RunTime:0.000000s ]
INFO: [ template_filter ] --END-- [ RunTime:0.000000s ]
INFO: Run Behavior\ParseTemplateBehavior [ RunTime:0.007500s ]
INFO: [ view_parse ] --END-- [ RunTime:0.007500s ]
INFO: [ view_filter ] --START--
INFO: Run Behavior\WriteHtmlCacheBehavior [ RunTime:0.000000s ]
INFO: [ view_filter ] --END-- [ RunTime:0.000000s ]
INFO: [ app_end ] --START--
INFO: Run Behavior\ShowPageTraceBehavior [ RunTime:0.000000s ]
INFO: [ app_end ] --END-- [ RunTime:0.000000s ]

[ 2019-01-30T11:54:58+08:00 ] ::1 /tp/
INFO: [ app_init ] --START--
INFO: Run Behavior\BuildLiteBehavior [ RunTime:0.000000s ]
INFO: [ app_init ] --END-- [ RunTime:0.002500s ]
INFO: [ app_begin ] --START--
INFO: Run Behavior\ReadHtmlCacheBehavior [ RunTime:0.002500s ]
INFO: [ app_begin ] --END-- [ RunTime:0.002500s ]
SQL: SHOW COLUMNS FROM `think_cate` [ RunTime:0.030000s ]
SQL: SELECT * FROM `think_cate` ORDER BY sort desc  [ RunTime:0.002500s ]
SQL: SHOW COLUMNS FROM `think_link` [ RunTime:0.005000s ]
SQL: SELECT * FROM `think_link` ORDER BY sort desc  [ RunTime:0.000000s ]
SQL: SHOW COLUMNS FROM `think_navigation` [ RunTime:0.002500s ]
SQL: SELECT * FROM `think_navigation` ORDER BY sort desc  [ RunTime:0.000000s ]
SQL: SHOW COLUMNS FROM `think_article` [ RunTime:0.020000s ]
SQL: SHOW COLUMNS FROM `think_logo` [ RunTime:0.017500s ]
SQL: SELECT * FROM `think_logo` WHERE `cateid` = 5 ORDER BY sum desc LIMIT 5   [ RunTime:0.052500s ]
SQL: SELECT * FROM `think_logo` WHERE `cateid` = 6 ORDER BY time desc LIMIT 5   [ RunTime:0.002500s ]
SQL: SELECT * FROM `think_article` WHERE `cateid` = 7 ORDER BY id desc LIMIT 6   [ RunTime:0.052500s ]
INFO: [ view_parse ] --START--
INFO: [ template_filter ] --START--
INFO: Run Behavior\ContentReplaceBehavior [ RunTime:0.000000s ]
INFO: [ template_filter ] --END-- [ RunTime:0.000000s ]
INFO: Run Behavior\ParseTemplateBehavior [ RunTime:0.027500s ]
INFO: [ view_parse ] --END-- [ RunTime:0.027500s ]
INFO: [ view_filter ] --START--
INFO: Run Behavior\WriteHtmlCacheBehavior [ RunTime:0.000000s ]
INFO: [ view_filter ] --END-- [ RunTime:0.000000s ]
INFO: [ app_end ] --START--
INFO: Run Behavior\ShowPageTraceBehavior [ RunTime:0.002500s ]
INFO: [ app_end ] --END-- [ RunTime:0.002500s ]

[ 2019-01-30T11:55:19+08:00 ] ::1 /tp/
INFO: [ app_init ] --START--
INFO: Run Behavior\BuildLiteBehavior [ RunTime:0.000000s ]
INFO: [ app_init ] --END-- [ RunTime:0.000000s ]
INFO: [ app_begin ] --START--
INFO: Run Behavior\ReadHtmlCacheBehavior [ RunTime:0.000000s ]
INFO: [ app_begin ] --END-- [ RunTime:0.000000s ]
SQL: SHOW COLUMNS FROM `think_cate` [ RunTime:0.002500s ]
SQL: SELECT * FROM `think_cate` ORDER BY sort desc  [ RunTime:0.000000s ]
SQL: SHOW COLUMNS FROM `think_link` [ RunTime:0.002500s ]
SQL: SELECT * FROM `think_link` ORDER BY sort desc  [ RunTime:0.000000s ]
SQL: SHOW COLUMNS FROM `think_navigation` [ RunTime:0.002500s ]
SQL: SELECT * FROM `think_navigation` ORDER BY sort desc  [ RunTime:0.000000s ]
SQL: SHOW COLUMNS FROM `think_article` [ RunTime:0.002500s ]
SQL: SHOW COLUMNS FROM `think_logo` [ RunTime:0.002500s ]
SQL: SELECT * FROM `think_logo` WHERE `cateid` = 5 ORDER BY sum desc LIMIT 5   [ RunTime:0.002500s ]
SQL: SELECT * FROM `think_logo` WHERE `cateid` = 6 ORDER BY time desc LIMIT 5   [ RunTime:0.000000s ]
SQL: SELECT * FROM `think_article` WHERE `cateid` = 7 ORDER BY id desc LIMIT 6   [ RunTime:0.002500s ]
INFO: [ view_parse ] --START--
INFO: [ template_filter ] --START--
INFO: Run Behavior\ContentReplaceBehavior [ RunTime:0.000000s ]
INFO: [ template_filter ] --END-- [ RunTime:0.000000s ]
INFO: Run Behavior\ParseTemplateBehavior [ RunTime:0.010000s ]
INFO: [ view_parse ] --END-- [ RunTime:0.010000s ]
INFO: [ view_filter ] --START--
INFO: Run Behavior\WriteHtmlCacheBehavior [ RunTime:0.002500s ]
INFO: [ view_filter ] --END-- [ RunTime:0.002500s ]
INFO: [ app_end ] --START--
INFO: Run Behavior\ShowPageTraceBehavior [ RunTime:0.000000s ]
INFO: [ app_end ] --END-- [ RunTime:0.000000s ]

[ 2019-01-30T11:55:19+08:00 ] ::1 /tp/
INFO: [ app_init ] --START--
INFO: Run Behavior\BuildLiteBehavior [ RunTime:0.000000s ]
INFO: [ app_init ] --END-- [ RunTime:0.002500s ]
INFO: [ app_begin ] --START--
INFO: Run Behavior\ReadHtmlCacheBehavior [ RunTime:0.000000s ]
INFO: [ app_begin ] --END-- [ RunTime:0.000000s ]
SQL: SHOW COLUMNS FROM `think_cate` [ RunTime:0.005000s ]
SQL: SELECT * FROM `think_cate` ORDER BY sort desc  [ RunTime:0.000000s ]
SQL: SHOW COLUMNS FROM `think_link` [ RunTime:0.005000s ]
SQL: SELECT * FROM `think_link` ORDER BY sort desc  [ RunTime:0.000000s ]
SQL: SHOW COLUMNS FROM `think_navigation` [ RunTime:0.005000s ]
SQL: SELECT * FROM `think_navigation` ORDER BY sort desc  [ RunTime:0.000000s ]
SQL: SHOW COLUMNS FROM `think_article` [ RunTime:0.005000s ]
SQL: SHOW COLUMNS FROM `think_logo` [ RunTime:0.005000s ]
SQL: SELECT * FROM `think_logo` WHERE `cateid` = 5 ORDER BY sum desc LIMIT 5   [ RunTime:0.000000s ]
SQL: SELECT * FROM `think_logo` WHERE `cateid` = 6 ORDER BY time desc LIMIT 5   [ RunTime:0.000000s ]
SQL: SELECT * FROM `think_article` WHERE `cateid` = 7 ORDER BY id desc LIMIT 6   [ RunTime:0.002500s ]
INFO: [ view_parse ] --START--
INFO: [ template_filter ] --START--
INFO: Run Behavior\ContentReplaceBehavior [ RunTime:0.000000s ]
INFO: [ template_filter ] --END-- [ RunTime:0.000000s ]
INFO: Run Behavior\ParseTemplateBehavior [ RunTime:0.015000s ]
INFO: [ view_parse ] --END-- [ RunTime:0.015000s ]
INFO: [ view_filter ] --START--
INFO: Run Behavior\WriteHtmlCacheBehavior [ RunTime:0.002500s ]
INFO: [ view_filter ] --END-- [ RunTime:0.002500s ]
INFO: [ app_end ] --START--
INFO: Run Behavior\ShowPageTraceBehavior [ RunTime:0.000000s ]
INFO: [ app_end ] --END-- [ RunTime:0.000000s ]

[ 2019-01-30T11:55:57+08:00 ] ::1 /tp/
INFO: [ app_init ] --START--
INFO: Run Behavior\BuildLiteBehavior [ RunTime:0.000000s ]
INFO: [ app_init ] --END-- [ RunTime:0.000000s ]
INFO: [ app_begin ] --START--
INFO: Run Behavior\ReadHtmlCacheBehavior [ RunTime:0.002500s ]
INFO: [ app_begin ] --END-- [ RunTime:0.002500s ]
SQL: SHOW COLUMNS FROM `think_cate` [ RunTime:0.002500s ]
SQL: SELECT * FROM `think_cate` ORDER BY sort desc  [ RunTime:0.002500s ]
SQL: SHOW COLUMNS FROM `think_link` [ RunTime:0.005000s ]
SQL: SELECT * FROM `think_link` ORDER BY sort desc  [ RunTime:0.000000s ]
SQL: SHOW COLUMNS FROM `think_navigation` [ RunTime:0.005000s ]
SQL: SELECT * FROM `think_navigation` ORDER BY sort desc  [ RunTime:0.000000s ]
SQL: SHOW COLUMNS FROM `think_article` [ RunTime:0.005000s ]
SQL: SHOW COLUMNS FROM `think_logo` [ RunTime:0.002500s ]
SQL: SELECT * FROM `think_logo` WHERE `cateid` = 5 ORDER BY sum desc LIMIT 5   [ RunTime:0.000000s ]
SQL: SELECT * FROM `think_logo` WHERE `cateid` = 6 ORDER BY time desc LIMIT 5   [ RunTime:0.002500s ]
SQL: SELECT * FROM `think_article` WHERE `cateid` = 7 ORDER BY id desc LIMIT 6   [ RunTime:0.002500s ]
INFO: [ view_parse ] --START--
INFO: [ template_filter ] --START--
INFO: Run Behavior\ContentReplaceBehavior [ RunTime:0.000000s ]
INFO: [ template_filter ] --END-- [ RunTime:0.000000s ]
INFO: Run Behavior\ParseTemplateBehavior [ RunTime:0.012500s ]
INFO: [ view_parse ] --END-- [ RunTime:0.012500s ]
INFO: [ view_filter ] --START--
INFO: Run Behavior\WriteHtmlCacheBehavior [ RunTime:0.000000s ]
INFO: [ view_filter ] --END-- [ RunTime:0.000000s ]
INFO: [ app_end ] --START--
INFO: Run Behavior\ShowPageTraceBehavior [ RunTime:0.002500s ]
INFO: [ app_end ] --END-- [ RunTime:0.002500s ]

[ 2019-01-30T11:55:58+08:00 ] ::1 /tp/
INFO: [ app_init ] --START--
INFO: Run Behavior\BuildLiteBehavior [ RunTime:0.000000s ]
INFO: [ app_init ] --END-- [ RunTime:0.000000s ]
INFO: [ app_begin ] --START--
INFO: Run Behavior\ReadHtmlCacheBehavior [ RunTime:0.000000s ]
INFO: [ app_begin ] --END-- [ RunTime:0.000000s ]
SQL: SHOW COLUMNS FROM `think_cate` [ RunTime:0.000000s ]
SQL: SELECT * FROM `think_cate` ORDER BY sort desc  [ RunTime:0.002500s ]
SQL: SHOW COLUMNS FROM `think_link` [ RunTime:0.000000s ]
SQL: SELECT * FROM `think_link` ORDER BY sort desc  [ RunTime:0.002500s ]
SQL: SHOW COLUMNS FROM `think_navigation` [ RunTime:0.000000s ]
SQL: SELECT * FROM `think_navigation` ORDER BY sort desc  [ RunTime:0.000000s ]
SQL: SHOW COLUMNS FROM `think_article` [ RunTime:0.002500s ]
SQL: SHOW COLUMNS FROM `think_logo` [ RunTime:0.002500s ]
SQL: SELECT * FROM `think_logo` WHERE `cateid` = 5 ORDER BY sum desc LIMIT 5   [ RunTime:0.000000s ]
SQL: SELECT * FROM `think_logo` WHERE `cateid` = 6 ORDER BY time desc LIMIT 5   [ RunTime:0.000000s ]
SQL: SELECT * FROM `think_article` WHERE `cateid` = 7 ORDER BY id desc LIMIT 6   [ RunTime:0.000000s ]
INFO: [ view_parse ] --START--
INFO: [ template_filter ] --START--
INFO: Run Behavior\ContentReplaceBehavior [ RunTime:0.002500s ]
INFO: [ template_filter ] --END-- [ RunTime:0.002500s ]
INFO: Run Behavior\ParseTemplateBehavior [ RunTime:0.005000s ]
INFO: [ view_parse ] --END-- [ RunTime:0.005000s ]
INFO: [ view_filter ] --START--
INFO: Run Behavior\WriteHtmlCacheBehavior [ RunTime:0.000000s ]
INFO: [ view_filter ] --END-- [ RunTime:0.000000s ]
INFO: [ app_end ] --START--
INFO: Run Behavior\ShowPageTraceBehavior [ RunTime:0.000000s ]
INFO: [ app_end ] --END-- [ RunTime:0.000000s ]

[ 2019-01-30T11:56:12+08:00 ] ::1 /tp/
INFO: [ app_init ] --START--
INFO: Run Behavior\BuildLiteBehavior [ RunTime:0.000000s ]
INFO: [ app_init ] --END-- [ RunTime:0.000000s ]
INFO: [ app_begin ] --START--
INFO: Run Behavior\ReadHtmlCacheBehavior [ RunTime:0.002500s ]
INFO: [ app_begin ] --END-- [ RunTime:0.002500s ]
SQL: SHOW COLUMNS FROM `think_cate` [ RunTime:0.040000s ]
SQL: SELECT * FROM `think_cate` ORDER BY sort desc  [ RunTime:0.000000s ]
SQL: SHOW COLUMNS FROM `think_link` [ RunTime:0.002500s ]
SQL: SELECT * FROM `think_link` ORDER BY sort desc  [ RunTime:0.000000s ]
SQL: SHOW COLUMNS FROM `think_navigation` [ RunTime:0.002500s ]
SQL: SELECT * FROM `think_navigation` ORDER BY sort desc  [ RunTime:0.000000s ]
SQL: SHOW COLUMNS FROM `think_article` [ RunTime:0.002500s ]
SQL: SHOW COLUMNS FROM `think_logo` [ RunTime:0.002500s ]
SQL: SELECT * FROM `think_logo` WHERE `cateid` = 5 ORDER BY sum desc LIMIT 5   [ RunTime:0.000000s ]
SQL: SELECT * FROM `think_logo` WHERE `cateid` = 6 ORDER BY time desc LIMIT 5   [ RunTime:0.000000s ]
SQL: SELECT * FROM `think_article` WHERE `cateid` = 7 ORDER BY id desc LIMIT 6   [ RunTime:0.000000s ]
INFO: [ view_parse ] --START--
INFO: [ template_filter ] --START--
INFO: Run Behavior\ContentReplaceBehavior [ RunTime:0.002500s ]
INFO: [ template_filter ] --END-- [ RunTime:0.002500s ]
INFO: Run Behavior\ParseTemplateBehavior [ RunTime:0.010000s ]
INFO: [ view_parse ] --END-- [ RunTime:0.010000s ]
INFO: [ view_filter ] --START--
INFO: Run Behavior\WriteHtmlCacheBehavior [ RunTime:0.000000s ]
INFO: [ view_filter ] --END-- [ RunTime:0.000000s ]
INFO: [ app_end ] --START--
INFO: Run Behavior\ShowPageTraceBehavior [ RunTime:0.000000s ]
INFO: [ app_end ] --END-- [ RunTime:0.000000s ]

[ 2019-01-30T11:57:07+08:00 ] ::1 /tp/
INFO: [ app_init ] --START--
INFO: Run Behavior\BuildLiteBehavior [ RunTime:0.000000s ]
INFO: [ app_init ] --END-- [ RunTime:0.002500s ]
INFO: [ app_begin ] --START--
INFO: Run Behavior\ReadHtmlCacheBehavior [ RunTime:0.002500s ]
INFO: [ app_begin ] --END-- [ RunTime:0.002500s ]
SQL: SHOW COLUMNS FROM `think_cate` [ RunTime:0.005000s ]
SQL: SELECT * FROM `think_cate` ORDER BY sort desc  [ RunTime:0.000000s ]
SQL: SHOW COLUMNS FROM `think_link` [ RunTime:0.005000s ]
SQL: SELECT * FROM `think_link` ORDER BY sort desc  [ RunTime:0.000000s ]
SQL: SHOW COLUMNS FROM `think_navigation` [ RunTime:0.005000s ]
SQL: SELECT * FROM `think_navigation` ORDER BY sort desc  [ RunTime:0.000000s ]
SQL: SHOW COLUMNS FROM `think_article` [ RunTime:0.005000s ]
SQL: SHOW COLUMNS FROM `think_logo` [ RunTime:0.005000s ]
SQL: SELECT * FROM `think_logo` WHERE `cateid` = 5 ORDER BY sum desc LIMIT 5   [ RunTime:0.002500s ]
SQL: SELECT * FROM `think_logo` WHERE `cateid` = 6 ORDER BY time desc LIMIT 5   [ RunTime:0.000000s ]
SQL: SELECT * FROM `think_article` WHERE `cateid` = 7 ORDER BY id desc LIMIT 6   [ RunTime:0.002500s ]
INFO: [ view_parse ] --START--
INFO: [ template_filter ] --START--
INFO: Run Behavior\ContentReplaceBehavior [ RunTime:0.000000s ]
INFO: [ template_filter ] --END-- [ RunTime:0.000000s ]
INFO: Run Behavior\ParseTemplateBehavior [ RunTime:0.025000s ]
INFO: [ view_parse ] --END-- [ RunTime:0.025000s ]
INFO: [ view_filter ] --START--
INFO: Run Behavior\WriteHtmlCacheBehavior [ RunTime:0.000000s ]
INFO: [ view_filter ] --END-- [ RunTime:0.000000s ]
INFO: [ app_end ] --START--
INFO: Run Behavior\ShowPageTraceBehavior [ RunTime:0.000000s ]
INFO: [ app_end ] --END-- [ RunTime:0.000000s ]

