[ 2019-01-19T14:14:03+08:00 ] ::1 /tp/
INFO: [ app_init ] --START--
INFO: Run Behavior\BuildLiteBehavior [ RunTime:0.000000s ]
INFO: [ app_init ] --END-- [ RunTime:0.001000s ]
INFO: [ app_begin ] --START--
INFO: Run Behavior\ReadHtmlCacheBehavior [ RunTime:0.001000s ]
INFO: [ app_begin ] --END-- [ RunTime:0.001000s ]
SQL: SHOW COLUMNS FROM `think_cate` [ RunTime:0.009000s ]
SQL: SELECT * FROM `think_cate` ORDER BY sort desc  [ RunTime:0.000000s ]
SQL: SHOW COLUMNS FROM `think_link` [ RunTime:0.003000s ]
SQL: SELECT * FROM `think_link` ORDER BY sort desc  [ RunTime:0.000000s ]
SQL: SHOW COLUMNS FROM `think_navigation` [ RunTime:0.011000s ]
SQL: SELECT * FROM `think_navigation` ORDER BY sort desc  [ RunTime:0.000000s ]
SQL: SHOW COLUMNS FROM `think_article` [ RunTime:0.008000s ]
SQL: SELECT * FROM `think_article` WHERE `cateid` = 5 ORDER BY id desc  [ RunTime:0.000000s ]
SQL: SELECT * FROM `think_article` WHERE `cateid` = 6 ORDER BY id desc  [ RunTime:0.000000s ]
SQL: SELECT * FROM `think_article` WHERE `cateid` = 7 ORDER BY id desc  [ RunTime:0.000000s ]
INFO: [ view_parse ] --START--
INFO: [ template_filter ] --START--
INFO: Run Behavior\ContentReplaceBehavior [ RunTime:0.000000s ]
INFO: [ template_filter ] --END-- [ RunTime:0.000000s ]
INFO: Run Behavior\ParseTemplateBehavior [ RunTime:0.007000s ]
INFO: [ view_parse ] --END-- [ RunTime:0.007000s ]
INFO: [ view_filter ] --START--
INFO: Run Behavior\WriteHtmlCacheBehavior [ RunTime:0.001000s ]
INFO: [ view_filter ] --END-- [ RunTime:0.001000s ]
INFO: [ app_end ] --START--
INFO: Run Behavior\ShowPageTraceBehavior [ RunTime:0.000000s ]
INFO: [ app_end ] --END-- [ RunTime:0.000000s ]

[ 2019-01-19T14:30:05+08:00 ] ::1 /tp/
INFO: [ app_init ] --START--
INFO: Run Behavior\BuildLiteBehavior [ RunTime:0.000000s ]
INFO: [ app_init ] --END-- [ RunTime:0.000000s ]
INFO: [ app_begin ] --START--
INFO: Run Behavior\ReadHtmlCacheBehavior [ RunTime:0.000000s ]
INFO: [ app_begin ] --END-- [ RunTime:0.000000s ]
SQL: SHOW COLUMNS FROM `think_cate` [ RunTime:0.002000s ]
SQL: SELECT * FROM `think_cate` ORDER BY sort desc  [ RunTime:0.001000s ]
SQL: SHOW COLUMNS FROM `think_link` [ RunTime:0.003000s ]
SQL: SELECT * FROM `think_link` ORDER BY sort desc  [ RunTime:0.000000s ]
SQL: SHOW COLUMNS FROM `think_navigation` [ RunTime:0.002000s ]
SQL: SELECT * FROM `think_navigation` ORDER BY sort desc  [ RunTime:0.001000s ]
SQL: SHOW COLUMNS FROM `think_article` [ RunTime:0.002000s ]
SQL: SELECT * FROM `think_article` WHERE `cateid` = 5 ORDER BY id desc  [ RunTime:0.001000s ]
SQL: SELECT * FROM `think_article` WHERE `cateid` = 6 ORDER BY id desc  [ RunTime:0.000000s ]
SQL: SELECT * FROM `think_article` WHERE `cateid` = 7 ORDER BY id desc  [ RunTime:0.000000s ]
INFO: [ view_parse ] --START--
INFO: [ template_filter ] --START--
INFO: Run Behavior\ContentReplaceBehavior [ RunTime:0.000000s ]
INFO: [ template_filter ] --END-- [ RunTime:0.000000s ]
INFO: Run Behavior\ParseTemplateBehavior [ RunTime:0.009000s ]
INFO: [ view_parse ] --END-- [ RunTime:0.009000s ]
INFO: [ view_filter ] --START--
INFO: Run Behavior\WriteHtmlCacheBehavior [ RunTime:0.000000s ]
INFO: [ view_filter ] --END-- [ RunTime:0.000000s ]
INFO: [ app_end ] --START--
INFO: Run Behavior\ShowPageTraceBehavior [ RunTime:0.001000s ]
INFO: [ app_end ] --END-- [ RunTime:0.001000s ]

[ 2019-01-19T15:04:31+08:00 ] ::1 /tp/
INFO: [ app_init ] --START--
INFO: Run Behavior\BuildLiteBehavior [ RunTime:0.000000s ]
INFO: [ app_init ] --END-- [ RunTime:0.000000s ]
INFO: [ app_begin ] --START--
INFO: Run Behavior\ReadHtmlCacheBehavior [ RunTime:0.000000s ]
INFO: [ app_begin ] --END-- [ RunTime:0.000000s ]
SQL: SHOW COLUMNS FROM `think_cate` [ RunTime:0.002500s ]
SQL: SELECT * FROM `think_cate` ORDER BY sort desc  [ RunTime:0.002500s ]
SQL: SHOW COLUMNS FROM `think_link` [ RunTime:0.002500s ]
SQL: SELECT * FROM `think_link` ORDER BY sort desc  [ RunTime:0.000000s ]
SQL: SHOW COLUMNS FROM `think_navigation` [ RunTime:0.002500s ]
SQL: SELECT * FROM `think_navigation` ORDER BY sort desc  [ RunTime:0.000000s ]
SQL: SHOW COLUMNS FROM `think_article` [ RunTime:0.002500s ]
SQL: SELECT * FROM `think_article` WHERE `cateid` = 5 ORDER BY id desc  [ RunTime:0.000000s ]
SQL: SELECT * FROM `think_article` WHERE `cateid` = 6 ORDER BY id desc  [ RunTime:0.000000s ]
SQL: SELECT * FROM `think_article` WHERE `cateid` = 7 ORDER BY id desc  [ RunTime:0.000000s ]
INFO: [ view_parse ] --START--
INFO: [ template_filter ] --START--
INFO: Run Behavior\ContentReplaceBehavior [ RunTime:0.000000s ]
INFO: [ template_filter ] --END-- [ RunTime:0.000000s ]
INFO: Run Behavior\ParseTemplateBehavior [ RunTime:0.007500s ]
INFO: [ view_parse ] --END-- [ RunTime:0.007500s ]
INFO: [ view_filter ] --START--
INFO: Run Behavior\WriteHtmlCacheBehavior [ RunTime:0.002500s ]
INFO: [ view_filter ] --END-- [ RunTime:0.002500s ]
INFO: [ app_end ] --START--
INFO: Run Behavior\ShowPageTraceBehavior [ RunTime:0.000000s ]
INFO: [ app_end ] --END-- [ RunTime:0.000000s ]

[ 2019-01-19T15:07:39+08:00 ] ::1 /tp/
INFO: [ app_init ] --START--
INFO: Run Behavior\BuildLiteBehavior [ RunTime:0.000000s ]
INFO: [ app_init ] --END-- [ RunTime:0.000000s ]
INFO: [ app_begin ] --START--
INFO: Run Behavior\ReadHtmlCacheBehavior [ RunTime:0.002500s ]
INFO: [ app_begin ] --END-- [ RunTime:0.002500s ]
SQL: SHOW COLUMNS FROM `think_cate` [ RunTime:0.005000s ]
SQL: SELECT * FROM `think_cate` ORDER BY sort desc  [ RunTime:0.000000s ]
SQL: SHOW COLUMNS FROM `think_link` [ RunTime:0.002500s ]
SQL: SELECT * FROM `think_link` ORDER BY sort desc  [ RunTime:0.000000s ]
SQL: SHOW COLUMNS FROM `think_navigation` [ RunTime:0.002500s ]
SQL: SELECT * FROM `think_navigation` ORDER BY sort desc  [ RunTime:0.000000s ]
SQL: SHOW COLUMNS FROM `think_article` [ RunTime:0.002500s ]
SQL: SELECT * FROM `think_article` WHERE `cateid` = 5 ORDER BY id desc  [ RunTime:0.002500s ]
SQL: SELECT * FROM `think_article` WHERE `cateid` = 6 ORDER BY id desc  [ RunTime:0.000000s ]
SQL: SELECT * FROM `think_article` WHERE `cateid` = 7 ORDER BY id desc  [ RunTime:0.000000s ]
INFO: [ view_parse ] --START--
INFO: [ template_filter ] --START--
INFO: Run Behavior\ContentReplaceBehavior [ RunTime:0.000000s ]
INFO: [ template_filter ] --END-- [ RunTime:0.000000s ]
INFO: Run Behavior\ParseTemplateBehavior [ RunTime:0.010000s ]
INFO: [ view_parse ] --END-- [ RunTime:0.010000s ]
INFO: [ view_filter ] --START--
INFO: Run Behavior\WriteHtmlCacheBehavior [ RunTime:0.000000s ]
INFO: [ view_filter ] --END-- [ RunTime:0.000000s ]
INFO: [ app_end ] --START--
INFO: Run Behavior\ShowPageTraceBehavior [ RunTime:0.002500s ]
INFO: [ app_end ] --END-- [ RunTime:0.002500s ]

[ 2019-01-19T15:10:27+08:00 ] ::1 /tp/
INFO: [ app_init ] --START--
INFO: Run Behavior\BuildLiteBehavior [ RunTime:0.000000s ]
INFO: [ app_init ] --END-- [ RunTime:0.001000s ]
INFO: [ app_begin ] --START--
INFO: Run Behavior\ReadHtmlCacheBehavior [ RunTime:0.001000s ]
INFO: [ app_begin ] --END-- [ RunTime:0.001000s ]
SQL: SHOW COLUMNS FROM `think_cate` [ RunTime:0.003000s ]
SQL: SELECT * FROM `think_cate` ORDER BY sort desc  [ RunTime:0.000000s ]
SQL: SHOW COLUMNS FROM `think_link` [ RunTime:0.003000s ]
SQL: SELECT * FROM `think_link` ORDER BY sort desc  [ RunTime:0.001000s ]
SQL: SHOW COLUMNS FROM `think_navigation` [ RunTime:0.003000s ]
SQL: SELECT * FROM `think_navigation` ORDER BY sort desc  [ RunTime:0.000000s ]
SQL: SHOW COLUMNS FROM `think_article` [ RunTime:0.003000s ]
SQL: SELECT * FROM `think_article` WHERE `cateid` = 5 ORDER BY id desc  [ RunTime:0.001000s ]
SQL: SELECT * FROM `think_article` WHERE `cateid` = 6 ORDER BY id desc  [ RunTime:0.000000s ]
SQL: SELECT * FROM `think_article` WHERE `cateid` = 7 ORDER BY id desc  [ RunTime:0.001000s ]
INFO: [ view_parse ] --START--
INFO: [ template_filter ] --START--
INFO: Run Behavior\ContentReplaceBehavior [ RunTime:0.000000s ]
INFO: [ template_filter ] --END-- [ RunTime:0.000000s ]
INFO: Run Behavior\ParseTemplateBehavior [ RunTime:0.009000s ]
INFO: [ view_parse ] --END-- [ RunTime:0.009000s ]
INFO: [ view_filter ] --START--
INFO: Run Behavior\WriteHtmlCacheBehavior [ RunTime:0.001000s ]
INFO: [ view_filter ] --END-- [ RunTime:0.001000s ]
INFO: [ app_end ] --START--
INFO: Run Behavior\ShowPageTraceBehavior [ RunTime:0.001000s ]
INFO: [ app_end ] --END-- [ RunTime:0.001000s ]

[ 2019-01-19T15:12:02+08:00 ] ::1 /tp/
INFO: [ app_init ] --START--
INFO: Run Behavior\BuildLiteBehavior [ RunTime:0.000000s ]
INFO: [ app_init ] --END-- [ RunTime:0.001000s ]
INFO: [ app_begin ] --START--
INFO: Run Behavior\ReadHtmlCacheBehavior [ RunTime:0.001000s ]
INFO: [ app_begin ] --END-- [ RunTime:0.001000s ]
SQL: SHOW COLUMNS FROM `think_cate` [ RunTime:0.004000s ]
SQL: SELECT * FROM `think_cate` ORDER BY sort desc  [ RunTime:0.000000s ]
SQL: SHOW COLUMNS FROM `think_link` [ RunTime:0.003000s ]
SQL: SELECT * FROM `think_link` ORDER BY sort desc  [ RunTime:0.000000s ]
SQL: SHOW COLUMNS FROM `think_navigation` [ RunTime:0.003000s ]
SQL: SELECT * FROM `think_navigation` ORDER BY sort desc  [ RunTime:0.001000s ]
SQL: SHOW COLUMNS FROM `think_article` [ RunTime:0.003000s ]
SQL: SELECT * FROM `think_article` WHERE `cateid` = 5 ORDER BY id desc  [ RunTime:0.001000s ]
SQL: SELECT * FROM `think_article` WHERE `cateid` = 6 ORDER BY id desc  [ RunTime:0.000000s ]
SQL: SELECT * FROM `think_article` WHERE `cateid` = 7 ORDER BY id desc  [ RunTime:0.001000s ]
INFO: [ view_parse ] --START--
INFO: [ template_filter ] --START--
INFO: Run Behavior\ContentReplaceBehavior [ RunTime:0.000000s ]
INFO: [ template_filter ] --END-- [ RunTime:0.001000s ]
INFO: Run Behavior\ParseTemplateBehavior [ RunTime:0.009000s ]
INFO: [ view_parse ] --END-- [ RunTime:0.009000s ]
INFO: [ view_filter ] --START--
INFO: Run Behavior\WriteHtmlCacheBehavior [ RunTime:0.001000s ]
INFO: [ view_filter ] --END-- [ RunTime:0.001000s ]
INFO: [ app_end ] --START--
INFO: Run Behavior\ShowPageTraceBehavior [ RunTime:0.001000s ]
INFO: [ app_end ] --END-- [ RunTime:0.001000s ]

[ 2019-01-19T15:15:47+08:00 ] ::1 /tp/index.php/Home/cate/list/id/5
INFO: [ app_init ] --START--
INFO: Run Behavior\BuildLiteBehavior [ RunTime:0.000000s ]
INFO: [ app_init ] --END-- [ RunTime:0.001000s ]
INFO: [ app_begin ] --START--
INFO: Run Behavior\ReadHtmlCacheBehavior [ RunTime:0.001000s ]
INFO: [ app_begin ] --END-- [ RunTime:0.001000s ]
SQL: SHOW COLUMNS FROM `think_article` [ RunTime:0.005000s ]
SQL: SELECT COUNT(*) AS tp_count FROM `think_article` WHERE `cateid` = 5 LIMIT 1   [ RunTime:0.000000s ]
SQL: SELECT * FROM `think_article` WHERE `cateid` = 5 ORDER BY time desc LIMIT 0,2   [ RunTime:0.000000s ]
INFO: [ view_parse ] --START--
INFO: [ template_filter ] --START--
INFO: Run Behavior\ContentReplaceBehavior [ RunTime:0.000000s ]
INFO: [ template_filter ] --END-- [ RunTime:0.000000s ]
NOTIC: [8] Undefined variable: navigations G:\xmapp\htdocs\tp\Application\Runtime\Cache\Home\30f42b6f618659b5f13fe5fbd46adfbd.php 第 26 行.
NOTIC: [8] Undefined variable: catename G:\xmapp\htdocs\tp\Application\Runtime\Cache\Home\30f42b6f618659b5f13fe5fbd46adfbd.php 第 48 行.
NOTIC: [8] Undefined variable: linkes G:\xmapp\htdocs\tp\Application\Runtime\Cache\Home\30f42b6f618659b5f13fe5fbd46adfbd.php 第 106 行.
INFO: Run Behavior\ParseTemplateBehavior [ RunTime:0.012000s ]
INFO: [ view_parse ] --END-- [ RunTime:0.012000s ]
INFO: [ view_filter ] --START--
INFO: Run Behavior\WriteHtmlCacheBehavior [ RunTime:0.001000s ]
INFO: [ view_filter ] --END-- [ RunTime:0.001000s ]
INFO: [ app_end ] --START--
INFO: Run Behavior\ShowPageTraceBehavior [ RunTime:0.001000s ]
INFO: [ app_end ] --END-- [ RunTime:0.001000s ]

[ 2019-01-19T15:15:47+08:00 ] ::1 /tp/index.php/Home/cate/list/id/js/page.js
INFO: [ app_init ] --START--
INFO: Run Behavior\BuildLiteBehavior [ RunTime:0.000000s ]
INFO: [ app_init ] --END-- [ RunTime:0.000000s ]
INFO: [ app_begin ] --START--
INFO: Run Behavior\ReadHtmlCacheBehavior [ RunTime:0.000000s ]
INFO: [ app_begin ] --END-- [ RunTime:0.000000s ]
SQL: SHOW COLUMNS FROM `think_article` [ RunTime:0.004000s ]
SQL: SELECT COUNT(*) AS tp_count FROM `think_article` WHERE `cateid` = 0 LIMIT 1   [ RunTime:0.000000s ]
SQL: SELECT * FROM `think_article` WHERE `cateid` = 0 ORDER BY time desc LIMIT 0,2   [ RunTime:0.000000s ]
INFO: [ view_parse ] --START--
INFO: [ template_filter ] --START--
INFO: Run Behavior\ContentReplaceBehavior [ RunTime:0.001000s ]
INFO: [ template_filter ] --END-- [ RunTime:0.001000s ]
NOTIC: [8] Undefined variable: navigations G:\xmapp\htdocs\tp\Application\Runtime\Cache\Home\30f42b6f618659b5f13fe5fbd46adfbd.php 第 26 行.
NOTIC: [8] Undefined variable: catename G:\xmapp\htdocs\tp\Application\Runtime\Cache\Home\30f42b6f618659b5f13fe5fbd46adfbd.php 第 48 行.
NOTIC: [8] Undefined variable: linkes G:\xmapp\htdocs\tp\Application\Runtime\Cache\Home\30f42b6f618659b5f13fe5fbd46adfbd.php 第 106 行.
INFO: Run Behavior\ParseTemplateBehavior [ RunTime:0.010000s ]
INFO: [ view_parse ] --END-- [ RunTime:0.010000s ]
INFO: [ view_filter ] --START--
INFO: Run Behavior\WriteHtmlCacheBehavior [ RunTime:0.001000s ]
INFO: [ view_filter ] --END-- [ RunTime:0.001000s ]
INFO: [ app_end ] --START--
INFO: Run Behavior\ShowPageTraceBehavior [ RunTime:0.001000s ]
INFO: [ app_end ] --END-- [ RunTime:0.001000s ]

[ 2019-01-19T15:15:50+08:00 ] ::1 /tp/index.php/Home/cate/list/id/6
INFO: [ app_init ] --START--
INFO: Run Behavior\BuildLiteBehavior [ RunTime:0.000000s ]
INFO: [ app_init ] --END-- [ RunTime:0.001000s ]
INFO: [ app_begin ] --START--
INFO: Run Behavior\ReadHtmlCacheBehavior [ RunTime:0.001000s ]
INFO: [ app_begin ] --END-- [ RunTime:0.001000s ]
SQL: SHOW COLUMNS FROM `think_article` [ RunTime:0.006000s ]
SQL: SELECT COUNT(*) AS tp_count FROM `think_article` WHERE `cateid` = 6 LIMIT 1   [ RunTime:0.001000s ]
SQL: SELECT * FROM `think_article` WHERE `cateid` = 6 ORDER BY time desc LIMIT 0,2   [ RunTime:0.000000s ]
INFO: [ view_parse ] --START--
INFO: [ template_filter ] --START--
INFO: Run Behavior\ContentReplaceBehavior [ RunTime:0.000000s ]
INFO: [ template_filter ] --END-- [ RunTime:0.000000s ]
NOTIC: [8] Undefined variable: navigations G:\xmapp\htdocs\tp\Application\Runtime\Cache\Home\30f42b6f618659b5f13fe5fbd46adfbd.php 第 26 行.
NOTIC: [8] Undefined variable: catename G:\xmapp\htdocs\tp\Application\Runtime\Cache\Home\30f42b6f618659b5f13fe5fbd46adfbd.php 第 48 行.
NOTIC: [8] Undefined variable: linkes G:\xmapp\htdocs\tp\Application\Runtime\Cache\Home\30f42b6f618659b5f13fe5fbd46adfbd.php 第 106 行.
INFO: Run Behavior\ParseTemplateBehavior [ RunTime:0.013000s ]
INFO: [ view_parse ] --END-- [ RunTime:0.013000s ]
INFO: [ view_filter ] --START--
INFO: Run Behavior\WriteHtmlCacheBehavior [ RunTime:0.001000s ]
INFO: [ view_filter ] --END-- [ RunTime:0.001000s ]
INFO: [ app_end ] --START--
INFO: Run Behavior\ShowPageTraceBehavior [ RunTime:0.001000s ]
INFO: [ app_end ] --END-- [ RunTime:0.001000s ]

[ 2019-01-19T15:15:50+08:00 ] ::1 /tp/index.php/Home/cate/list/id/js/page.js
INFO: [ app_init ] --START--
INFO: Run Behavior\BuildLiteBehavior [ RunTime:0.000000s ]
INFO: [ app_init ] --END-- [ RunTime:0.000000s ]
INFO: [ app_begin ] --START--
INFO: Run Behavior\ReadHtmlCacheBehavior [ RunTime:0.001000s ]
INFO: [ app_begin ] --END-- [ RunTime:0.001000s ]
SQL: SHOW COLUMNS FROM `think_article` [ RunTime:0.004000s ]
SQL: SELECT COUNT(*) AS tp_count FROM `think_article` WHERE `cateid` = 0 LIMIT 1   [ RunTime:0.000000s ]
SQL: SELECT * FROM `think_article` WHERE `cateid` = 0 ORDER BY time desc LIMIT 0,2   [ RunTime:0.000000s ]
INFO: [ view_parse ] --START--
INFO: [ template_filter ] --START--
INFO: Run Behavior\ContentReplaceBehavior [ RunTime:0.000000s ]
INFO: [ template_filter ] --END-- [ RunTime:0.000000s ]
NOTIC: [8] Undefined variable: navigations G:\xmapp\htdocs\tp\Application\Runtime\Cache\Home\30f42b6f618659b5f13fe5fbd46adfbd.php 第 26 行.
NOTIC: [8] Undefined variable: catename G:\xmapp\htdocs\tp\Application\Runtime\Cache\Home\30f42b6f618659b5f13fe5fbd46adfbd.php 第 48 行.
NOTIC: [8] Undefined variable: linkes G:\xmapp\htdocs\tp\Application\Runtime\Cache\Home\30f42b6f618659b5f13fe5fbd46adfbd.php 第 106 行.
INFO: Run Behavior\ParseTemplateBehavior [ RunTime:0.006000s ]
INFO: [ view_parse ] --END-- [ RunTime:0.006000s ]
INFO: [ view_filter ] --START--
INFO: Run Behavior\WriteHtmlCacheBehavior [ RunTime:0.001000s ]
INFO: [ view_filter ] --END-- [ RunTime:0.001000s ]
INFO: [ app_end ] --START--
INFO: Run Behavior\ShowPageTraceBehavior [ RunTime:0.001000s ]
INFO: [ app_end ] --END-- [ RunTime:0.001000s ]

[ 2019-01-19T15:17:29+08:00 ] ::1 /tp/index.php/Home/cate/list/id/6
INFO: [ app_init ] --START--
INFO: Run Behavior\BuildLiteBehavior [ RunTime:0.000000s ]
INFO: [ app_init ] --END-- [ RunTime:0.001000s ]
INFO: [ app_begin ] --START--
INFO: Run Behavior\ReadHtmlCacheBehavior [ RunTime:0.001000s ]
INFO: [ app_begin ] --END-- [ RunTime:0.001000s ]
SQL: SHOW COLUMNS FROM `think_article` [ RunTime:0.003000s ]
SQL: SELECT COUNT(*) AS tp_count FROM `think_article` WHERE `cateid` = 6 LIMIT 1   [ RunTime:0.001000s ]
SQL: SELECT * FROM `think_article` WHERE `cateid` = 6 ORDER BY time desc LIMIT 0,2   [ RunTime:0.000000s ]
INFO: [ view_parse ] --START--
INFO: [ template_filter ] --START--
INFO: Run Behavior\ContentReplaceBehavior [ RunTime:0.000000s ]
INFO: [ template_filter ] --END-- [ RunTime:0.000000s ]
NOTIC: [8] Undefined variable: navigations G:\xmapp\htdocs\tp\Application\Runtime\Cache\Home\30f42b6f618659b5f13fe5fbd46adfbd.php 第 26 行.
NOTIC: [8] Undefined variable: catename G:\xmapp\htdocs\tp\Application\Runtime\Cache\Home\30f42b6f618659b5f13fe5fbd46adfbd.php 第 48 行.
NOTIC: [8] Undefined variable: linkes G:\xmapp\htdocs\tp\Application\Runtime\Cache\Home\30f42b6f618659b5f13fe5fbd46adfbd.php 第 106 行.
INFO: Run Behavior\ParseTemplateBehavior [ RunTime:0.007000s ]
INFO: [ view_parse ] --END-- [ RunTime:0.007000s ]
INFO: [ view_filter ] --START--
INFO: Run Behavior\WriteHtmlCacheBehavior [ RunTime:0.001000s ]
INFO: [ view_filter ] --END-- [ RunTime:0.001000s ]
INFO: [ app_end ] --START--
INFO: Run Behavior\ShowPageTraceBehavior [ RunTime:0.001000s ]
INFO: [ app_end ] --END-- [ RunTime:0.001000s ]

[ 2019-01-19T15:17:29+08:00 ] ::1 /tp/index.php/Home/cate/list/id/js/page.js
INFO: [ app_init ] --START--
INFO: Run Behavior\BuildLiteBehavior [ RunTime:0.000000s ]
INFO: [ app_init ] --END-- [ RunTime:0.001000s ]
INFO: [ app_begin ] --START--
INFO: Run Behavior\ReadHtmlCacheBehavior [ RunTime:0.001000s ]
INFO: [ app_begin ] --END-- [ RunTime:0.001000s ]
SQL: SHOW COLUMNS FROM `think_article` [ RunTime:0.003000s ]
SQL: SELECT COUNT(*) AS tp_count FROM `think_article` WHERE `cateid` = 0 LIMIT 1   [ RunTime:0.001000s ]
SQL: SELECT * FROM `think_article` WHERE `cateid` = 0 ORDER BY time desc LIMIT 0,2   [ RunTime:0.000000s ]
INFO: [ view_parse ] --START--
INFO: [ template_filter ] --START--
INFO: Run Behavior\ContentReplaceBehavior [ RunTime:0.000000s ]
INFO: [ template_filter ] --END-- [ RunTime:0.000000s ]
NOTIC: [8] Undefined variable: navigations G:\xmapp\htdocs\tp\Application\Runtime\Cache\Home\30f42b6f618659b5f13fe5fbd46adfbd.php 第 26 行.
NOTIC: [8] Undefined variable: catename G:\xmapp\htdocs\tp\Application\Runtime\Cache\Home\30f42b6f618659b5f13fe5fbd46adfbd.php 第 48 行.
NOTIC: [8] Undefined variable: linkes G:\xmapp\htdocs\tp\Application\Runtime\Cache\Home\30f42b6f618659b5f13fe5fbd46adfbd.php 第 106 行.
INFO: Run Behavior\ParseTemplateBehavior [ RunTime:0.009000s ]
INFO: [ view_parse ] --END-- [ RunTime:0.009000s ]
INFO: [ view_filter ] --START--
INFO: Run Behavior\WriteHtmlCacheBehavior [ RunTime:0.000000s ]
INFO: [ view_filter ] --END-- [ RunTime:0.000000s ]
INFO: [ app_end ] --START--
INFO: Run Behavior\ShowPageTraceBehavior [ RunTime:0.001000s ]
INFO: [ app_end ] --END-- [ RunTime:0.001000s ]

[ 2019-01-19T15:17:34+08:00 ] ::1 /tp/index.php/Home/cate/list/id/7
INFO: [ app_init ] --START--
INFO: Run Behavior\BuildLiteBehavior [ RunTime:0.000000s ]
INFO: [ app_init ] --END-- [ RunTime:0.001000s ]
INFO: [ app_begin ] --START--
INFO: Run Behavior\ReadHtmlCacheBehavior [ RunTime:0.001000s ]
INFO: [ app_begin ] --END-- [ RunTime:0.001000s ]
SQL: SHOW COLUMNS FROM `think_article` [ RunTime:0.003000s ]
SQL: SELECT COUNT(*) AS tp_count FROM `think_article` WHERE `cateid` = 7 LIMIT 1   [ RunTime:0.000000s ]
SQL: SELECT * FROM `think_article` WHERE `cateid` = 7 ORDER BY time desc LIMIT 0,2   [ RunTime:0.001000s ]
INFO: [ view_parse ] --START--
INFO: [ template_filter ] --START--
INFO: Run Behavior\ContentReplaceBehavior [ RunTime:0.000000s ]
INFO: [ template_filter ] --END-- [ RunTime:0.000000s ]
NOTIC: [8] Undefined variable: navigations G:\xmapp\htdocs\tp\Application\Runtime\Cache\Home\30f42b6f618659b5f13fe5fbd46adfbd.php 第 26 行.
NOTIC: [8] Undefined variable: catename G:\xmapp\htdocs\tp\Application\Runtime\Cache\Home\30f42b6f618659b5f13fe5fbd46adfbd.php 第 48 行.
NOTIC: [8] Undefined variable: linkes G:\xmapp\htdocs\tp\Application\Runtime\Cache\Home\30f42b6f618659b5f13fe5fbd46adfbd.php 第 106 行.
INFO: Run Behavior\ParseTemplateBehavior [ RunTime:0.005000s ]
INFO: [ view_parse ] --END-- [ RunTime:0.005000s ]
INFO: [ view_filter ] --START--
INFO: Run Behavior\WriteHtmlCacheBehavior [ RunTime:0.000000s ]
INFO: [ view_filter ] --END-- [ RunTime:0.000000s ]
INFO: [ app_end ] --START--
INFO: Run Behavior\ShowPageTraceBehavior [ RunTime:0.001000s ]
INFO: [ app_end ] --END-- [ RunTime:0.001000s ]

[ 2019-01-19T15:17:34+08:00 ] ::1 /tp/index.php/Home/cate/list/id/js/page.js
INFO: [ app_init ] --START--
INFO: Run Behavior\BuildLiteBehavior [ RunTime:0.000000s ]
INFO: [ app_init ] --END-- [ RunTime:0.000000s ]
INFO: [ app_begin ] --START--
INFO: Run Behavior\ReadHtmlCacheBehavior [ RunTime:0.000000s ]
INFO: [ app_begin ] --END-- [ RunTime:0.000000s ]
SQL: SHOW COLUMNS FROM `think_article` [ RunTime:0.004000s ]
SQL: SELECT COUNT(*) AS tp_count FROM `think_article` WHERE `cateid` = 0 LIMIT 1   [ RunTime:0.001000s ]
SQL: SELECT * FROM `think_article` WHERE `cateid` = 0 ORDER BY time desc LIMIT 0,2   [ RunTime:0.000000s ]
INFO: [ view_parse ] --START--
INFO: [ template_filter ] --START--
INFO: Run Behavior\ContentReplaceBehavior [ RunTime:0.000000s ]
INFO: [ template_filter ] --END-- [ RunTime:0.000000s ]
NOTIC: [8] Undefined variable: navigations G:\xmapp\htdocs\tp\Application\Runtime\Cache\Home\30f42b6f618659b5f13fe5fbd46adfbd.php 第 26 行.
NOTIC: [8] Undefined variable: catename G:\xmapp\htdocs\tp\Application\Runtime\Cache\Home\30f42b6f618659b5f13fe5fbd46adfbd.php 第 48 行.
NOTIC: [8] Undefined variable: linkes G:\xmapp\htdocs\tp\Application\Runtime\Cache\Home\30f42b6f618659b5f13fe5fbd46adfbd.php 第 106 行.
INFO: Run Behavior\ParseTemplateBehavior [ RunTime:0.008000s ]
INFO: [ view_parse ] --END-- [ RunTime:0.008000s ]
INFO: [ view_filter ] --START--
INFO: Run Behavior\WriteHtmlCacheBehavior [ RunTime:0.000000s ]
INFO: [ view_filter ] --END-- [ RunTime:0.000000s ]
INFO: [ app_end ] --START--
INFO: Run Behavior\ShowPageTraceBehavior [ RunTime:0.001000s ]
INFO: [ app_end ] --END-- [ RunTime:0.001000s ]

[ 2019-01-19T15:17:41+08:00 ] ::1 /tp/index.php/Home/Cate/list/id/7/p/2.html
INFO: [ app_init ] --START--
INFO: Run Behavior\BuildLiteBehavior [ RunTime:0.000000s ]
INFO: [ app_init ] --END-- [ RunTime:0.001000s ]
INFO: [ app_begin ] --START--
INFO: Run Behavior\ReadHtmlCacheBehavior [ RunTime:0.001000s ]
INFO: [ app_begin ] --END-- [ RunTime:0.002000s ]
SQL: SHOW COLUMNS FROM `think_article` [ RunTime:0.005000s ]
SQL: SELECT COUNT(*) AS tp_count FROM `think_article` WHERE `cateid` = 7 LIMIT 1   [ RunTime:0.001000s ]
SQL: SELECT * FROM `think_article` WHERE `cateid` = 7 ORDER BY time desc LIMIT 2,2   [ RunTime:0.000000s ]
INFO: [ view_parse ] --START--
INFO: [ template_filter ] --START--
INFO: Run Behavior\ContentReplaceBehavior [ RunTime:0.000000s ]
INFO: [ template_filter ] --END-- [ RunTime:0.000000s ]
NOTIC: [8] Undefined variable: navigations G:\xmapp\htdocs\tp\Application\Runtime\Cache\Home\30f42b6f618659b5f13fe5fbd46adfbd.php 第 26 行.
NOTIC: [8] Undefined variable: catename G:\xmapp\htdocs\tp\Application\Runtime\Cache\Home\30f42b6f618659b5f13fe5fbd46adfbd.php 第 48 行.
NOTIC: [8] Undefined variable: linkes G:\xmapp\htdocs\tp\Application\Runtime\Cache\Home\30f42b6f618659b5f13fe5fbd46adfbd.php 第 106 行.
INFO: Run Behavior\ParseTemplateBehavior [ RunTime:0.013000s ]
INFO: [ view_parse ] --END-- [ RunTime:0.013000s ]
INFO: [ view_filter ] --START--
INFO: Run Behavior\WriteHtmlCacheBehavior [ RunTime:0.001000s ]
INFO: [ view_filter ] --END-- [ RunTime:0.001000s ]
INFO: [ app_end ] --START--
INFO: Run Behavior\ShowPageTraceBehavior [ RunTime:0.002000s ]
INFO: [ app_end ] --END-- [ RunTime:0.002000s ]

[ 2019-01-19T15:17:41+08:00 ] ::1 /tp/index.php/Home/Cate/list/id/7/p/js/page.js
INFO: [ app_init ] --START--
INFO: Run Behavior\BuildLiteBehavior [ RunTime:0.000000s ]
INFO: [ app_init ] --END-- [ RunTime:0.000000s ]
INFO: [ app_begin ] --START--
INFO: Run Behavior\ReadHtmlCacheBehavior [ RunTime:0.000000s ]
INFO: [ app_begin ] --END-- [ RunTime:0.000000s ]
SQL: SHOW COLUMNS FROM `think_article` [ RunTime:0.006000s ]
SQL: SELECT COUNT(*) AS tp_count FROM `think_article` WHERE `cateid` = 7 LIMIT 1   [ RunTime:0.000000s ]
SQL: SELECT * FROM `think_article` WHERE `cateid` = 7 ORDER BY time desc LIMIT 0,2   [ RunTime:0.001000s ]
INFO: [ view_parse ] --START--
INFO: [ template_filter ] --START--
INFO: Run Behavior\ContentReplaceBehavior [ RunTime:0.000000s ]
INFO: [ template_filter ] --END-- [ RunTime:0.000000s ]
NOTIC: [8] Undefined variable: navigations G:\xmapp\htdocs\tp\Application\Runtime\Cache\Home\30f42b6f618659b5f13fe5fbd46adfbd.php 第 26 行.
NOTIC: [8] Undefined variable: catename G:\xmapp\htdocs\tp\Application\Runtime\Cache\Home\30f42b6f618659b5f13fe5fbd46adfbd.php 第 48 行.
NOTIC: [8] Undefined variable: linkes G:\xmapp\htdocs\tp\Application\Runtime\Cache\Home\30f42b6f618659b5f13fe5fbd46adfbd.php 第 106 行.
INFO: Run Behavior\ParseTemplateBehavior [ RunTime:0.009000s ]
INFO: [ view_parse ] --END-- [ RunTime:0.009000s ]
INFO: [ view_filter ] --START--
INFO: Run Behavior\WriteHtmlCacheBehavior [ RunTime:0.008000s ]
INFO: [ view_filter ] --END-- [ RunTime:0.008000s ]
INFO: [ app_end ] --START--
INFO: Run Behavior\ShowPageTraceBehavior [ RunTime:0.001000s ]
INFO: [ app_end ] --END-- [ RunTime:0.002000s ]

[ 2019-01-19T15:17:44+08:00 ] ::1 /tp/index.php/Home/Cate/list/id/7/p/3.html
INFO: [ app_init ] --START--
INFO: Run Behavior\BuildLiteBehavior [ RunTime:0.000000s ]
INFO: [ app_init ] --END-- [ RunTime:0.001000s ]
INFO: [ app_begin ] --START--
INFO: Run Behavior\ReadHtmlCacheBehavior [ RunTime:0.001000s ]
INFO: [ app_begin ] --END-- [ RunTime:0.001000s ]
SQL: SHOW COLUMNS FROM `think_article` [ RunTime:0.005000s ]
SQL: SELECT COUNT(*) AS tp_count FROM `think_article` WHERE `cateid` = 7 LIMIT 1   [ RunTime:0.001000s ]
SQL: SELECT * FROM `think_article` WHERE `cateid` = 7 ORDER BY time desc LIMIT 4,2   [ RunTime:0.000000s ]
INFO: [ view_parse ] --START--
INFO: [ template_filter ] --START--
INFO: Run Behavior\ContentReplaceBehavior [ RunTime:0.000000s ]
INFO: [ template_filter ] --END-- [ RunTime:0.000000s ]
NOTIC: [8] Undefined variable: navigations G:\xmapp\htdocs\tp\Application\Runtime\Cache\Home\30f42b6f618659b5f13fe5fbd46adfbd.php 第 26 行.
NOTIC: [8] Undefined variable: catename G:\xmapp\htdocs\tp\Application\Runtime\Cache\Home\30f42b6f618659b5f13fe5fbd46adfbd.php 第 48 行.
NOTIC: [8] Undefined variable: linkes G:\xmapp\htdocs\tp\Application\Runtime\Cache\Home\30f42b6f618659b5f13fe5fbd46adfbd.php 第 106 行.
INFO: Run Behavior\ParseTemplateBehavior [ RunTime:0.013000s ]
INFO: [ view_parse ] --END-- [ RunTime:0.013000s ]
INFO: [ view_filter ] --START--
INFO: Run Behavior\WriteHtmlCacheBehavior [ RunTime:0.001000s ]
INFO: [ view_filter ] --END-- [ RunTime:0.001000s ]
INFO: [ app_end ] --START--
INFO: Run Behavior\ShowPageTraceBehavior [ RunTime:0.001000s ]
INFO: [ app_end ] --END-- [ RunTime:0.001000s ]

[ 2019-01-19T15:17:45+08:00 ] ::1 /tp/index.php/Home/Cate/list/id/7/p/js/page.js
INFO: [ app_init ] --START--
INFO: Run Behavior\BuildLiteBehavior [ RunTime:0.000000s ]
INFO: [ app_init ] --END-- [ RunTime:0.000000s ]
INFO: [ app_begin ] --START--
INFO: Run Behavior\ReadHtmlCacheBehavior [ RunTime:0.001000s ]
INFO: [ app_begin ] --END-- [ RunTime:0.001000s ]
SQL: SHOW COLUMNS FROM `think_article` [ RunTime:0.004000s ]
SQL: SELECT COUNT(*) AS tp_count FROM `think_article` WHERE `cateid` = 7 LIMIT 1   [ RunTime:0.001000s ]
SQL: SELECT * FROM `think_article` WHERE `cateid` = 7 ORDER BY time desc LIMIT 0,2   [ RunTime:0.001000s ]
INFO: [ view_parse ] --START--
INFO: [ template_filter ] --START--
INFO: Run Behavior\ContentReplaceBehavior [ RunTime:0.000000s ]
INFO: [ template_filter ] --END-- [ RunTime:0.000000s ]
NOTIC: [8] Undefined variable: navigations G:\xmapp\htdocs\tp\Application\Runtime\Cache\Home\30f42b6f618659b5f13fe5fbd46adfbd.php 第 26 行.
NOTIC: [8] Undefined variable: catename G:\xmapp\htdocs\tp\Application\Runtime\Cache\Home\30f42b6f618659b5f13fe5fbd46adfbd.php 第 48 行.
NOTIC: [8] Undefined variable: linkes G:\xmapp\htdocs\tp\Application\Runtime\Cache\Home\30f42b6f618659b5f13fe5fbd46adfbd.php 第 106 行.
INFO: Run Behavior\ParseTemplateBehavior [ RunTime:0.014000s ]
INFO: [ view_parse ] --END-- [ RunTime:0.014000s ]
INFO: [ view_filter ] --START--
INFO: Run Behavior\WriteHtmlCacheBehavior [ RunTime:0.000000s ]
INFO: [ view_filter ] --END-- [ RunTime:0.000000s ]
INFO: [ app_end ] --START--
INFO: Run Behavior\ShowPageTraceBehavior [ RunTime:0.001000s ]
INFO: [ app_end ] --END-- [ RunTime:0.001000s ]

[ 2019-01-19T15:17:47+08:00 ] ::1 /tp/index.php/Home/Article/info/id/12
INFO: [ app_init ] --START--
INFO: Run Behavior\BuildLiteBehavior [ RunTime:0.000000s ]
INFO: [ app_init ] --END-- [ RunTime:0.000000s ]
INFO: [ app_begin ] --START--
INFO: Run Behavior\ReadHtmlCacheBehavior [ RunTime:0.001000s ]
INFO: [ app_begin ] --END-- [ RunTime:0.001000s ]
SQL: SHOW COLUMNS FROM `think_article` [ RunTime:0.002000s ]
SQL: SELECT * FROM `think_article` WHERE `id` = 12 LIMIT 1   [ RunTime:0.001000s ]
SQL: SELECT * FROM `think_article` WHERE ( id<12 ) ORDER BY id desc LIMIT 1   [ RunTime:0.000000s ]
SQL: SELECT * FROM `think_article` WHERE ( id>12 ) ORDER BY id desc LIMIT 1   [ RunTime:0.000000s ]
SQL: SHOW COLUMNS FROM `think_cate` [ RunTime:0.002000s ]
SQL: SELECT * FROM `think_cate` WHERE `id` = 7 LIMIT 1   [ RunTime:0.001000s ]
INFO: [ view_parse ] --START--
INFO: [ template_filter ] --START--
INFO: Run Behavior\ContentReplaceBehavior [ RunTime:0.000000s ]
INFO: [ template_filter ] --END-- [ RunTime:0.000000s ]
NOTIC: [8] Undefined variable: navigations G:\xmapp\htdocs\tp\Application\Runtime\Cache\Home\96538669839cc852f7a8ebba20ee3aef.php 第 26 行.
INFO: Run Behavior\ParseTemplateBehavior [ RunTime:0.006000s ]
INFO: [ view_parse ] --END-- [ RunTime:0.006000s ]
INFO: [ view_filter ] --START--
INFO: Run Behavior\WriteHtmlCacheBehavior [ RunTime:0.001000s ]
INFO: [ view_filter ] --END-- [ RunTime:0.001000s ]
INFO: [ app_end ] --START--
INFO: Run Behavior\ShowPageTraceBehavior [ RunTime:0.001000s ]
INFO: [ app_end ] --END-- [ RunTime:0.001000s ]

[ 2019-01-19T15:17:47+08:00 ] ::1 /tp/index.php/Home/Article/info/id/js/page.js
INFO: [ app_init ] --START--
INFO: Run Behavior\BuildLiteBehavior [ RunTime:0.000000s ]
INFO: [ app_init ] --END-- [ RunTime:0.001000s ]
INFO: [ app_begin ] --START--
INFO: Run Behavior\ReadHtmlCacheBehavior [ RunTime:0.000000s ]
INFO: [ app_begin ] --END-- [ RunTime:0.001000s ]
SQL: SHOW COLUMNS FROM `think_article` [ RunTime:0.004000s ]
SQL: SELECT * FROM `think_article` WHERE `id` = 0 LIMIT 1   [ RunTime:0.001000s ]
SQL: SELECT * FROM `think_article` WHERE ( id<js ) ORDER BY id desc LIMIT 1   [ RunTime:0.000000s ]
ERR: 1054:Unknown column 'js' in 'where clause'
 [ SQL语句 ] : SELECT * FROM `think_article` WHERE ( id<js ) ORDER BY id desc LIMIT 1  
SQL: SELECT * FROM `think_article` WHERE ( id>js ) ORDER BY id desc LIMIT 1   [ RunTime:0.000000s ]
ERR: 1054:Unknown column 'js' in 'where clause'
 [ SQL语句 ] : SELECT * FROM `think_article` WHERE ( id>js ) ORDER BY id desc LIMIT 1  
SQL: SHOW COLUMNS FROM `think_cate` [ RunTime:0.004000s ]
SQL: SELECT * FROM `think_cate` LIMIT 1   [ RunTime:0.001000s ]
INFO: [ view_parse ] --START--
INFO: [ template_filter ] --START--
INFO: Run Behavior\ContentReplaceBehavior [ RunTime:0.000000s ]
INFO: [ template_filter ] --END-- [ RunTime:0.000000s ]
NOTIC: [8] Undefined variable: navigations G:\xmapp\htdocs\tp\Application\Runtime\Cache\Home\96538669839cc852f7a8ebba20ee3aef.php 第 26 行.
INFO: Run Behavior\ParseTemplateBehavior [ RunTime:0.007000s ]
INFO: [ view_parse ] --END-- [ RunTime:0.007000s ]
INFO: [ view_filter ] --START--
INFO: Run Behavior\WriteHtmlCacheBehavior [ RunTime:0.000000s ]
INFO: [ view_filter ] --END-- [ RunTime:0.000000s ]
INFO: [ app_end ] --START--
INFO: Run Behavior\ShowPageTraceBehavior [ RunTime:0.001000s ]
INFO: [ app_end ] --END-- [ RunTime:0.001000s ]

[ 2019-01-19T15:28:31+08:00 ] ::1 /tp/
INFO: [ app_init ] --START--
INFO: Run Behavior\BuildLiteBehavior [ RunTime:0.000000s ]
INFO: [ app_init ] --END-- [ RunTime:0.000000s ]
INFO: [ app_begin ] --START--
INFO: Run Behavior\ReadHtmlCacheBehavior [ RunTime:0.001000s ]
INFO: [ app_begin ] --END-- [ RunTime:0.001000s ]
SQL: SHOW COLUMNS FROM `think_cate` [ RunTime:0.003000s ]
SQL: SELECT * FROM `think_cate` ORDER BY sort desc  [ RunTime:0.000000s ]
SQL: SHOW COLUMNS FROM `think_link` [ RunTime:0.003000s ]
SQL: SELECT * FROM `think_link` ORDER BY sort desc  [ RunTime:0.001000s ]
SQL: SHOW COLUMNS FROM `think_navigation` [ RunTime:0.003000s ]
SQL: SELECT * FROM `think_navigation` ORDER BY sort desc  [ RunTime:0.000000s ]
SQL: SHOW COLUMNS FROM `think_article` [ RunTime:0.002000s ]
SQL: SELECT * FROM `think_article` WHERE `cateid` = 5 ORDER BY id desc  [ RunTime:0.000000s ]
SQL: SELECT * FROM `think_article` WHERE `cateid` = 6 ORDER BY id desc  [ RunTime:0.000000s ]
SQL: SELECT * FROM `think_article` WHERE `cateid` = 7 ORDER BY id desc  [ RunTime:0.001000s ]
INFO: [ view_parse ] --START--
INFO: [ template_filter ] --START--
INFO: Run Behavior\ContentReplaceBehavior [ RunTime:0.000000s ]
INFO: [ template_filter ] --END-- [ RunTime:0.000000s ]
INFO: Run Behavior\ParseTemplateBehavior [ RunTime:0.007000s ]
INFO: [ view_parse ] --END-- [ RunTime:0.007000s ]
INFO: [ view_filter ] --START--
INFO: Run Behavior\WriteHtmlCacheBehavior [ RunTime:0.000000s ]
INFO: [ view_filter ] --END-- [ RunTime:0.000000s ]
INFO: [ app_end ] --START--
INFO: Run Behavior\ShowPageTraceBehavior [ RunTime:0.001000s ]
INFO: [ app_end ] --END-- [ RunTime:0.001000s ]

[ 2019-01-19T15:28:33+08:00 ] ::1 /tp/index.php/Home/Article/info/id/15
INFO: [ app_init ] --START--
INFO: Run Behavior\BuildLiteBehavior [ RunTime:0.000000s ]
INFO: [ app_init ] --END-- [ RunTime:0.001000s ]
INFO: [ app_begin ] --START--
INFO: Run Behavior\ReadHtmlCacheBehavior [ RunTime:0.001000s ]
INFO: [ app_begin ] --END-- [ RunTime:0.001000s ]
SQL: SHOW COLUMNS FROM `think_article` [ RunTime:0.006000s ]
SQL: SELECT * FROM `think_article` WHERE `id` = 15 LIMIT 1   [ RunTime:0.001000s ]
SQL: SELECT * FROM `think_article` WHERE ( id<15 ) ORDER BY id desc LIMIT 1   [ RunTime:0.001000s ]
SQL: SELECT * FROM `think_article` WHERE ( id>15 ) ORDER BY id desc LIMIT 1   [ RunTime:0.000000s ]
SQL: SHOW COLUMNS FROM `think_cate` [ RunTime:0.006000s ]
SQL: SELECT * FROM `think_cate` WHERE `id` = 7 LIMIT 1   [ RunTime:0.001000s ]
INFO: [ view_parse ] --START--
INFO: [ template_filter ] --START--
INFO: Run Behavior\ContentReplaceBehavior [ RunTime:0.000000s ]
INFO: [ template_filter ] --END-- [ RunTime:0.000000s ]
NOTIC: [8] Undefined variable: navigations G:\xmapp\htdocs\tp\Application\Runtime\Cache\Home\96538669839cc852f7a8ebba20ee3aef.php 第 26 行.
INFO: Run Behavior\ParseTemplateBehavior [ RunTime:0.017000s ]
INFO: [ view_parse ] --END-- [ RunTime:0.017000s ]
INFO: [ view_filter ] --START--
INFO: Run Behavior\WriteHtmlCacheBehavior [ RunTime:0.001000s ]
INFO: [ view_filter ] --END-- [ RunTime:0.002000s ]
INFO: [ app_end ] --START--
INFO: Run Behavior\ShowPageTraceBehavior [ RunTime:0.001000s ]
INFO: [ app_end ] --END-- [ RunTime:0.002000s ]

[ 2019-01-19T15:28:33+08:00 ] ::1 /tp/index.php/Home/Article/info/id/js/page.js
INFO: [ app_init ] --START--
INFO: Run Behavior\BuildLiteBehavior [ RunTime:0.000000s ]
INFO: [ app_init ] --END-- [ RunTime:0.001000s ]
INFO: [ app_begin ] --START--
INFO: Run Behavior\ReadHtmlCacheBehavior [ RunTime:0.001000s ]
INFO: [ app_begin ] --END-- [ RunTime:0.001000s ]
SQL: SHOW COLUMNS FROM `think_article` [ RunTime:0.003000s ]
SQL: SELECT * FROM `think_article` WHERE `id` = 0 LIMIT 1   [ RunTime:0.001000s ]
SQL: SELECT * FROM `think_article` WHERE ( id<js ) ORDER BY id desc LIMIT 1   [ RunTime:0.002000s ]
ERR: 1054:Unknown column 'js' in 'where clause'
 [ SQL语句 ] : SELECT * FROM `think_article` WHERE ( id<js ) ORDER BY id desc LIMIT 1  
SQL: SELECT * FROM `think_article` WHERE ( id>js ) ORDER BY id desc LIMIT 1   [ RunTime:0.000000s ]
ERR: 1054:Unknown column 'js' in 'where clause'
 [ SQL语句 ] : SELECT * FROM `think_article` WHERE ( id>js ) ORDER BY id desc LIMIT 1  
SQL: SHOW COLUMNS FROM `think_cate` [ RunTime:0.005000s ]
SQL: SELECT * FROM `think_cate` LIMIT 1   [ RunTime:0.000000s ]
INFO: [ view_parse ] --START--
INFO: [ template_filter ] --START--
INFO: Run Behavior\ContentReplaceBehavior [ RunTime:0.000000s ]
INFO: [ template_filter ] --END-- [ RunTime:0.000000s ]
NOTIC: [8] Undefined variable: navigations G:\xmapp\htdocs\tp\Application\Runtime\Cache\Home\96538669839cc852f7a8ebba20ee3aef.php 第 26 行.
INFO: Run Behavior\ParseTemplateBehavior [ RunTime:0.009000s ]
INFO: [ view_parse ] --END-- [ RunTime:0.009000s ]
INFO: [ view_filter ] --START--
INFO: Run Behavior\WriteHtmlCacheBehavior [ RunTime:0.001000s ]
INFO: [ view_filter ] --END-- [ RunTime:0.001000s ]
INFO: [ app_end ] --START--
INFO: Run Behavior\ShowPageTraceBehavior [ RunTime:0.001000s ]
INFO: [ app_end ] --END-- [ RunTime:0.001000s ]

[ 2019-01-19T15:35:42+08:00 ] ::1 /tp/
INFO: [ app_init ] --START--
INFO: Run Behavior\BuildLiteBehavior [ RunTime:0.000000s ]
INFO: [ app_init ] --END-- [ RunTime:0.001000s ]
INFO: [ app_begin ] --START--
INFO: Run Behavior\ReadHtmlCacheBehavior [ RunTime:0.001000s ]
INFO: [ app_begin ] --END-- [ RunTime:0.001000s ]
SQL: SHOW COLUMNS FROM `think_cate` [ RunTime:0.004000s ]
SQL: SELECT * FROM `think_cate` ORDER BY sort desc  [ RunTime:0.000000s ]
SQL: SHOW COLUMNS FROM `think_link` [ RunTime:0.003000s ]
SQL: SELECT * FROM `think_link` ORDER BY sort desc  [ RunTime:0.001000s ]
SQL: SHOW COLUMNS FROM `think_navigation` [ RunTime:0.004000s ]
SQL: SELECT * FROM `think_navigation` ORDER BY sort desc  [ RunTime:0.000000s ]
SQL: SHOW COLUMNS FROM `think_article` [ RunTime:0.003000s ]
SQL: SELECT * FROM `think_article` WHERE `cateid` = 5 ORDER BY id desc  [ RunTime:0.002000s ]
SQL: SELECT * FROM `think_article` WHERE `cateid` = 6 ORDER BY id desc  [ RunTime:0.001000s ]
SQL: SELECT * FROM `think_article` WHERE `cateid` = 7 ORDER BY id desc  [ RunTime:0.000000s ]
INFO: [ view_parse ] --START--
INFO: [ template_filter ] --START--
INFO: Run Behavior\ContentReplaceBehavior [ RunTime:0.000000s ]
INFO: [ template_filter ] --END-- [ RunTime:0.000000s ]
INFO: Run Behavior\ParseTemplateBehavior [ RunTime:0.007000s ]
INFO: [ view_parse ] --END-- [ RunTime:0.007000s ]
INFO: [ view_filter ] --START--
INFO: Run Behavior\WriteHtmlCacheBehavior [ RunTime:0.000000s ]
INFO: [ view_filter ] --END-- [ RunTime:0.000000s ]
INFO: [ app_end ] --START--
INFO: Run Behavior\ShowPageTraceBehavior [ RunTime:0.000000s ]
INFO: [ app_end ] --END-- [ RunTime:0.001000s ]

[ 2019-01-19T16:05:23+08:00 ] ::1 /tp/
INFO: [ app_init ] --START--
INFO: Run Behavior\BuildLiteBehavior [ RunTime:0.000000s ]
INFO: [ app_init ] --END-- [ RunTime:0.001000s ]
INFO: [ app_begin ] --START--
INFO: Run Behavior\ReadHtmlCacheBehavior [ RunTime:0.001000s ]
INFO: [ app_begin ] --END-- [ RunTime:0.002000s ]
SQL: SHOW COLUMNS FROM `think_cate` [ RunTime:0.005000s ]
SQL: SELECT * FROM `think_cate` ORDER BY sort desc  [ RunTime:0.000000s ]
SQL: SHOW COLUMNS FROM `think_link` [ RunTime:0.004000s ]
SQL: SELECT * FROM `think_link` ORDER BY sort desc  [ RunTime:0.000000s ]
SQL: SHOW COLUMNS FROM `think_navigation` [ RunTime:0.005000s ]
SQL: SELECT * FROM `think_navigation` ORDER BY sort desc  [ RunTime:0.001000s ]
SQL: SHOW COLUMNS FROM `think_article` [ RunTime:0.005000s ]
SQL: SELECT * FROM `think_article` WHERE `cateid` = 5 ORDER BY id desc  [ RunTime:0.001000s ]
SQL: SELECT * FROM `think_article` WHERE `cateid` = 6 ORDER BY id desc  [ RunTime:0.001000s ]
SQL: SELECT * FROM `think_article` WHERE `cateid` = 7 ORDER BY id desc  [ RunTime:0.001000s ]
INFO: [ view_parse ] --START--
INFO: [ template_filter ] --START--
INFO: Run Behavior\ContentReplaceBehavior [ RunTime:0.001000s ]
INFO: [ template_filter ] --END-- [ RunTime:0.001000s ]
INFO: Run Behavior\ParseTemplateBehavior [ RunTime:0.015000s ]
INFO: [ view_parse ] --END-- [ RunTime:0.015000s ]
INFO: [ view_filter ] --START--
INFO: Run Behavior\WriteHtmlCacheBehavior [ RunTime:0.001000s ]
INFO: [ view_filter ] --END-- [ RunTime:0.001000s ]
INFO: [ app_end ] --START--
INFO: Run Behavior\ShowPageTraceBehavior [ RunTime:0.001000s ]
INFO: [ app_end ] --END-- [ RunTime:0.001000s ]

[ 2019-01-19T16:06:01+08:00 ] ::1 /tp/
INFO: [ app_init ] --START--
INFO: Run Behavior\BuildLiteBehavior [ RunTime:0.000000s ]
INFO: [ app_init ] --END-- [ RunTime:0.001000s ]
INFO: [ app_begin ] --START--
INFO: Run Behavior\ReadHtmlCacheBehavior [ RunTime:0.001000s ]
INFO: [ app_begin ] --END-- [ RunTime:0.001000s ]
SQL: SHOW COLUMNS FROM `think_cate` [ RunTime:0.003000s ]
SQL: SELECT * FROM `think_cate` ORDER BY sort desc  [ RunTime:0.000000s ]
SQL: SHOW COLUMNS FROM `think_link` [ RunTime:0.002000s ]
SQL: SELECT * FROM `think_link` ORDER BY sort desc  [ RunTime:0.001000s ]
SQL: SHOW COLUMNS FROM `think_navigation` [ RunTime:0.004000s ]
SQL: SELECT * FROM `think_navigation` ORDER BY sort desc  [ RunTime:0.001000s ]
SQL: SHOW COLUMNS FROM `think_article` [ RunTime:0.005000s ]
SQL: SELECT * FROM `think_article` WHERE `cateid` = 5 ORDER BY id desc  [ RunTime:0.001000s ]
SQL: SELECT * FROM `think_article` WHERE `cateid` = 6 ORDER BY id desc  [ RunTime:0.001000s ]
SQL: SELECT * FROM `think_article` WHERE `cateid` = 7 ORDER BY id desc  [ RunTime:0.002000s ]
INFO: [ view_parse ] --START--
INFO: [ template_filter ] --START--
INFO: Run Behavior\ContentReplaceBehavior [ RunTime:0.000000s ]
INFO: [ template_filter ] --END-- [ RunTime:0.000000s ]
INFO: Run Behavior\ParseTemplateBehavior [ RunTime:0.008000s ]
INFO: [ view_parse ] --END-- [ RunTime:0.008000s ]
INFO: [ view_filter ] --START--
INFO: Run Behavior\WriteHtmlCacheBehavior [ RunTime:0.000000s ]
INFO: [ view_filter ] --END-- [ RunTime:0.000000s ]
INFO: [ app_end ] --START--
INFO: Run Behavior\ShowPageTraceBehavior [ RunTime:0.001000s ]
INFO: [ app_end ] --END-- [ RunTime:0.001000s ]

[ 2019-01-19T16:06:31+08:00 ] ::1 /tp/
INFO: [ app_init ] --START--
INFO: Run Behavior\BuildLiteBehavior [ RunTime:0.000000s ]
INFO: [ app_init ] --END-- [ RunTime:0.000000s ]
INFO: [ app_begin ] --START--
INFO: Run Behavior\ReadHtmlCacheBehavior [ RunTime:0.000000s ]
INFO: [ app_begin ] --END-- [ RunTime:0.000000s ]
SQL: SHOW COLUMNS FROM `think_cate` [ RunTime:0.004000s ]
SQL: SELECT * FROM `think_cate` ORDER BY sort desc  [ RunTime:0.001000s ]
SQL: SHOW COLUMNS FROM `think_link` [ RunTime:0.004000s ]
SQL: SELECT * FROM `think_link` ORDER BY sort desc  [ RunTime:0.000000s ]
SQL: SHOW COLUMNS FROM `think_navigation` [ RunTime:0.004000s ]
SQL: SELECT * FROM `think_navigation` ORDER BY sort desc  [ RunTime:0.001000s ]
SQL: SHOW COLUMNS FROM `think_article` [ RunTime:0.004000s ]
SQL: SELECT * FROM `think_article` WHERE `cateid` = 5 ORDER BY id desc  [ RunTime:0.001000s ]
SQL: SELECT * FROM `think_article` WHERE `cateid` = 6 ORDER BY id desc  [ RunTime:0.001000s ]
SQL: SELECT * FROM `think_article` WHERE `cateid` = 7 ORDER BY id desc  [ RunTime:0.000000s ]
INFO: [ view_parse ] --START--
INFO: [ template_filter ] --START--
INFO: Run Behavior\ContentReplaceBehavior [ RunTime:0.000000s ]
INFO: [ template_filter ] --END-- [ RunTime:0.000000s ]
INFO: Run Behavior\ParseTemplateBehavior [ RunTime:0.013000s ]
INFO: [ view_parse ] --END-- [ RunTime:0.013000s ]
INFO: [ view_filter ] --START--
INFO: Run Behavior\WriteHtmlCacheBehavior [ RunTime:0.000000s ]
INFO: [ view_filter ] --END-- [ RunTime:0.000000s ]
INFO: [ app_end ] --START--
INFO: Run Behavior\ShowPageTraceBehavior [ RunTime:0.001000s ]
INFO: [ app_end ] --END-- [ RunTime:0.001000s ]

[ 2019-01-19T16:06:31+08:00 ] ::1 /tp/
INFO: [ app_init ] --START--
INFO: Run Behavior\BuildLiteBehavior [ RunTime:0.000000s ]
INFO: [ app_init ] --END-- [ RunTime:0.001000s ]
INFO: [ app_begin ] --START--
INFO: Run Behavior\ReadHtmlCacheBehavior [ RunTime:0.001000s ]
INFO: [ app_begin ] --END-- [ RunTime:0.001000s ]
SQL: SHOW COLUMNS FROM `think_cate` [ RunTime:0.004000s ]
SQL: SELECT * FROM `think_cate` ORDER BY sort desc  [ RunTime:0.000000s ]
SQL: SHOW COLUMNS FROM `think_link` [ RunTime:0.004000s ]
SQL: SELECT * FROM `think_link` ORDER BY sort desc  [ RunTime:0.001000s ]
SQL: SHOW COLUMNS FROM `think_navigation` [ RunTime:0.003000s ]
SQL: SELECT * FROM `think_navigation` ORDER BY sort desc  [ RunTime:0.001000s ]
SQL: SHOW COLUMNS FROM `think_article` [ RunTime:0.004000s ]
SQL: SELECT * FROM `think_article` WHERE `cateid` = 5 ORDER BY id desc  [ RunTime:0.001000s ]
SQL: SELECT * FROM `think_article` WHERE `cateid` = 6 ORDER BY id desc  [ RunTime:0.001000s ]
SQL: SELECT * FROM `think_article` WHERE `cateid` = 7 ORDER BY id desc  [ RunTime:0.001000s ]
INFO: [ view_parse ] --START--
INFO: [ template_filter ] --START--
INFO: Run Behavior\ContentReplaceBehavior [ RunTime:0.000000s ]
INFO: [ template_filter ] --END-- [ RunTime:0.000000s ]
INFO: Run Behavior\ParseTemplateBehavior [ RunTime:0.013000s ]
INFO: [ view_parse ] --END-- [ RunTime:0.013000s ]
INFO: [ view_filter ] --START--
INFO: Run Behavior\WriteHtmlCacheBehavior [ RunTime:0.000000s ]
INFO: [ view_filter ] --END-- [ RunTime:0.000000s ]
INFO: [ app_end ] --START--
INFO: Run Behavior\ShowPageTraceBehavior [ RunTime:0.001000s ]
INFO: [ app_end ] --END-- [ RunTime:0.001000s ]

[ 2019-01-19T16:06:31+08:00 ] ::1 /tp/
INFO: [ app_init ] --START--
INFO: Run Behavior\BuildLiteBehavior [ RunTime:0.000000s ]
INFO: [ app_init ] --END-- [ RunTime:0.000000s ]
INFO: [ app_begin ] --START--
INFO: Run Behavior\ReadHtmlCacheBehavior [ RunTime:0.001000s ]
INFO: [ app_begin ] --END-- [ RunTime:0.001000s ]
SQL: SHOW COLUMNS FROM `think_cate` [ RunTime:0.002000s ]
SQL: SELECT * FROM `think_cate` ORDER BY sort desc  [ RunTime:0.001000s ]
SQL: SHOW COLUMNS FROM `think_link` [ RunTime:0.002000s ]
SQL: SELECT * FROM `think_link` ORDER BY sort desc  [ RunTime:0.000000s ]
SQL: SHOW COLUMNS FROM `think_navigation` [ RunTime:0.002000s ]
SQL: SELECT * FROM `think_navigation` ORDER BY sort desc  [ RunTime:0.000000s ]
SQL: SHOW COLUMNS FROM `think_article` [ RunTime:0.002000s ]
SQL: SELECT * FROM `think_article` WHERE `cateid` = 5 ORDER BY id desc  [ RunTime:0.001000s ]
SQL: SELECT * FROM `think_article` WHERE `cateid` = 6 ORDER BY id desc  [ RunTime:0.000000s ]
SQL: SELECT * FROM `think_article` WHERE `cateid` = 7 ORDER BY id desc  [ RunTime:0.000000s ]
INFO: [ view_parse ] --START--
INFO: [ template_filter ] --START--
INFO: Run Behavior\ContentReplaceBehavior [ RunTime:0.000000s ]
INFO: [ template_filter ] --END-- [ RunTime:0.000000s ]
INFO: Run Behavior\ParseTemplateBehavior [ RunTime:0.007000s ]
INFO: [ view_parse ] --END-- [ RunTime:0.007000s ]
INFO: [ view_filter ] --START--
INFO: Run Behavior\WriteHtmlCacheBehavior [ RunTime:0.001000s ]
INFO: [ view_filter ] --END-- [ RunTime:0.001000s ]
INFO: [ app_end ] --START--
INFO: Run Behavior\ShowPageTraceBehavior [ RunTime:0.001000s ]
INFO: [ app_end ] --END-- [ RunTime:0.001000s ]

[ 2019-01-19T16:07:03+08:00 ] ::1 /tp/
INFO: [ app_init ] --START--
INFO: Run Behavior\BuildLiteBehavior [ RunTime:0.000000s ]
INFO: [ app_init ] --END-- [ RunTime:0.001000s ]
INFO: [ app_begin ] --START--
INFO: Run Behavior\ReadHtmlCacheBehavior [ RunTime:0.001000s ]
INFO: [ app_begin ] --END-- [ RunTime:0.001000s ]
SQL: SHOW COLUMNS FROM `think_cate` [ RunTime:0.003000s ]
SQL: SELECT * FROM `think_cate` ORDER BY sort desc  [ RunTime:0.000000s ]
SQL: SHOW COLUMNS FROM `think_link` [ RunTime:0.005000s ]
SQL: SELECT * FROM `think_link` ORDER BY sort desc  [ RunTime:0.000000s ]
SQL: SHOW COLUMNS FROM `think_navigation` [ RunTime:0.004000s ]
SQL: SELECT * FROM `think_navigation` ORDER BY sort desc  [ RunTime:0.081000s ]
SQL: SHOW COLUMNS FROM `think_article` [ RunTime:0.006000s ]
SQL: SELECT * FROM `think_article` WHERE `cateid` = 5 ORDER BY id desc  [ RunTime:0.001000s ]
SQL: SELECT * FROM `think_article` WHERE `cateid` = 6 ORDER BY id desc  [ RunTime:0.001000s ]
SQL: SELECT * FROM `think_article` WHERE `cateid` = 7 ORDER BY id desc  [ RunTime:0.001000s ]
INFO: [ view_parse ] --START--
INFO: [ template_filter ] --START--
INFO: Run Behavior\ContentReplaceBehavior [ RunTime:0.000000s ]
INFO: [ template_filter ] --END-- [ RunTime:0.000000s ]
INFO: Run Behavior\ParseTemplateBehavior [ RunTime:0.015000s ]
INFO: [ view_parse ] --END-- [ RunTime:0.015000s ]
INFO: [ view_filter ] --START--
INFO: Run Behavior\WriteHtmlCacheBehavior [ RunTime:0.001000s ]
INFO: [ view_filter ] --END-- [ RunTime:0.001000s ]
INFO: [ app_end ] --START--
INFO: Run Behavior\ShowPageTraceBehavior [ RunTime:0.002000s ]
INFO: [ app_end ] --END-- [ RunTime:0.002000s ]

[ 2019-01-19T16:09:02+08:00 ] ::1 /tp/
INFO: [ app_init ] --START--
INFO: Run Behavior\BuildLiteBehavior [ RunTime:0.000000s ]
INFO: [ app_init ] --END-- [ RunTime:0.001000s ]
INFO: [ app_begin ] --START--
INFO: Run Behavior\ReadHtmlCacheBehavior [ RunTime:0.001000s ]
INFO: [ app_begin ] --END-- [ RunTime:0.002000s ]
SQL: SHOW COLUMNS FROM `think_cate` [ RunTime:0.005000s ]
SQL: SELECT * FROM `think_cate` ORDER BY sort desc  [ RunTime:0.001000s ]
SQL: SHOW COLUMNS FROM `think_link` [ RunTime:0.004000s ]
SQL: SELECT * FROM `think_link` ORDER BY sort desc  [ RunTime:0.000000s ]
SQL: SHOW COLUMNS FROM `think_navigation` [ RunTime:0.004000s ]
SQL: SELECT * FROM `think_navigation` ORDER BY sort desc  [ RunTime:0.000000s ]
SQL: SHOW COLUMNS FROM `think_article` [ RunTime:0.005000s ]
SQL: SELECT * FROM `think_article` WHERE `cateid` = 5 ORDER BY id desc  [ RunTime:0.001000s ]
SQL: SELECT * FROM `think_article` WHERE `cateid` = 6 ORDER BY id desc  [ RunTime:0.001000s ]
SQL: SELECT * FROM `think_article` WHERE `cateid` = 7 ORDER BY id desc  [ RunTime:0.001000s ]
INFO: [ view_parse ] --START--
INFO: [ template_filter ] --START--
INFO: Run Behavior\ContentReplaceBehavior [ RunTime:0.000000s ]
INFO: [ template_filter ] --END-- [ RunTime:0.000000s ]
INFO: Run Behavior\ParseTemplateBehavior [ RunTime:0.014000s ]
INFO: [ view_parse ] --END-- [ RunTime:0.015000s ]
INFO: [ view_filter ] --START--
INFO: Run Behavior\WriteHtmlCacheBehavior [ RunTime:0.000000s ]
INFO: [ view_filter ] --END-- [ RunTime:0.001000s ]
INFO: [ app_end ] --START--
INFO: Run Behavior\ShowPageTraceBehavior [ RunTime:0.001000s ]
INFO: [ app_end ] --END-- [ RunTime:0.001000s ]

[ 2019-01-19T16:12:32+08:00 ] ::1 /tp/
INFO: [ app_init ] --START--
INFO: Run Behavior\BuildLiteBehavior [ RunTime:0.000000s ]
INFO: [ app_init ] --END-- [ RunTime:0.001000s ]
INFO: [ app_begin ] --START--
INFO: Run Behavior\ReadHtmlCacheBehavior [ RunTime:0.001000s ]
INFO: [ app_begin ] --END-- [ RunTime:0.001000s ]
SQL: SHOW COLUMNS FROM `think_cate` [ RunTime:0.004000s ]
SQL: SELECT * FROM `think_cate` ORDER BY sort desc  [ RunTime:0.000000s ]
SQL: SHOW COLUMNS FROM `think_link` [ RunTime:0.003000s ]
SQL: SELECT * FROM `think_link` ORDER BY sort desc  [ RunTime:0.000000s ]
SQL: SHOW COLUMNS FROM `think_navigation` [ RunTime:0.004000s ]
SQL: SELECT * FROM `think_navigation` ORDER BY sort desc  [ RunTime:0.001000s ]
SQL: SHOW COLUMNS FROM `think_article` [ RunTime:0.004000s ]
SQL: SELECT * FROM `think_article` WHERE `cateid` = 5 ORDER BY id desc  [ RunTime:0.001000s ]
SQL: SELECT * FROM `think_article` WHERE `cateid` = 6 ORDER BY id desc  [ RunTime:0.001000s ]
SQL: SELECT * FROM `think_article` WHERE `cateid` = 7 ORDER BY id desc  [ RunTime:0.001000s ]
INFO: [ view_parse ] --START--
INFO: [ template_filter ] --START--
INFO: Run Behavior\ContentReplaceBehavior [ RunTime:0.000000s ]
INFO: [ template_filter ] --END-- [ RunTime:0.000000s ]
INFO: Run Behavior\ParseTemplateBehavior [ RunTime:0.012000s ]
INFO: [ view_parse ] --END-- [ RunTime:0.012000s ]
INFO: [ view_filter ] --START--
INFO: Run Behavior\WriteHtmlCacheBehavior [ RunTime:0.001000s ]
INFO: [ view_filter ] --END-- [ RunTime:0.001000s ]
INFO: [ app_end ] --START--
INFO: Run Behavior\ShowPageTraceBehavior [ RunTime:0.001000s ]
INFO: [ app_end ] --END-- [ RunTime:0.001000s ]

[ 2019-01-19T16:13:30+08:00 ] ::1 /tp/
INFO: [ app_init ] --START--
INFO: Run Behavior\BuildLiteBehavior [ RunTime:0.000000s ]
INFO: [ app_init ] --END-- [ RunTime:0.001000s ]
INFO: [ app_begin ] --START--
INFO: Run Behavior\ReadHtmlCacheBehavior [ RunTime:0.001000s ]
INFO: [ app_begin ] --END-- [ RunTime:0.001000s ]
SQL: SHOW COLUMNS FROM `think_cate` [ RunTime:0.005000s ]
SQL: SELECT * FROM `think_cate` ORDER BY sort desc  [ RunTime:0.000000s ]
SQL: SHOW COLUMNS FROM `think_link` [ RunTime:0.004000s ]
SQL: SELECT * FROM `think_link` ORDER BY sort desc  [ RunTime:0.000000s ]
SQL: SHOW COLUMNS FROM `think_navigation` [ RunTime:0.004000s ]
SQL: SELECT * FROM `think_navigation` ORDER BY sort desc  [ RunTime:0.000000s ]
SQL: SHOW COLUMNS FROM `think_article` [ RunTime:0.005000s ]
SQL: SELECT * FROM `think_article` WHERE `cateid` = 5 ORDER BY id desc  [ RunTime:0.001000s ]
SQL: SELECT * FROM `think_article` WHERE `cateid` = 6 ORDER BY id desc  [ RunTime:0.001000s ]
SQL: SELECT * FROM `think_article` WHERE `cateid` = 7 ORDER BY id desc  [ RunTime:0.001000s ]
INFO: [ view_parse ] --START--
INFO: [ template_filter ] --START--
INFO: Run Behavior\ContentReplaceBehavior [ RunTime:0.000000s ]
INFO: [ template_filter ] --END-- [ RunTime:0.000000s ]
INFO: Run Behavior\ParseTemplateBehavior [ RunTime:0.015000s ]
INFO: [ view_parse ] --END-- [ RunTime:0.016000s ]
INFO: [ view_filter ] --START--
INFO: Run Behavior\WriteHtmlCacheBehavior [ RunTime:0.001000s ]
INFO: [ view_filter ] --END-- [ RunTime:0.001000s ]
INFO: [ app_end ] --START--
INFO: Run Behavior\ShowPageTraceBehavior [ RunTime:0.002000s ]
INFO: [ app_end ] --END-- [ RunTime:0.002000s ]

[ 2019-01-19T16:14:20+08:00 ] ::1 /tp/
INFO: [ app_init ] --START--
INFO: Run Behavior\BuildLiteBehavior [ RunTime:0.000000s ]
INFO: [ app_init ] --END-- [ RunTime:0.001000s ]
INFO: [ app_begin ] --START--
INFO: Run Behavior\ReadHtmlCacheBehavior [ RunTime:0.001000s ]
INFO: [ app_begin ] --END-- [ RunTime:0.001000s ]
SQL: SHOW COLUMNS FROM `think_cate` [ RunTime:0.003000s ]
SQL: SELECT * FROM `think_cate` ORDER BY sort desc  [ RunTime:0.000000s ]
SQL: SHOW COLUMNS FROM `think_link` [ RunTime:0.002000s ]
SQL: SELECT * FROM `think_link` ORDER BY sort desc  [ RunTime:0.001000s ]
SQL: SHOW COLUMNS FROM `think_navigation` [ RunTime:0.002000s ]
SQL: SELECT * FROM `think_navigation` ORDER BY sort desc  [ RunTime:0.001000s ]
SQL: SHOW COLUMNS FROM `think_article` [ RunTime:0.002000s ]
SQL: SELECT * FROM `think_article` WHERE `cateid` = 5 ORDER BY id desc  [ RunTime:0.001000s ]
SQL: SELECT * FROM `think_article` WHERE `cateid` = 6 ORDER BY id desc  [ RunTime:0.000000s ]
SQL: SELECT * FROM `think_article` WHERE `cateid` = 7 ORDER BY id desc  [ RunTime:0.001000s ]
INFO: [ view_parse ] --START--
INFO: [ template_filter ] --START--
INFO: Run Behavior\ContentReplaceBehavior [ RunTime:0.000000s ]
INFO: [ template_filter ] --END-- [ RunTime:0.000000s ]
INFO: Run Behavior\ParseTemplateBehavior [ RunTime:0.006000s ]
INFO: [ view_parse ] --END-- [ RunTime:0.006000s ]
INFO: [ view_filter ] --START--
INFO: Run Behavior\WriteHtmlCacheBehavior [ RunTime:0.001000s ]
INFO: [ view_filter ] --END-- [ RunTime:0.001000s ]
INFO: [ app_end ] --START--
INFO: Run Behavior\ShowPageTraceBehavior [ RunTime:0.001000s ]
INFO: [ app_end ] --END-- [ RunTime:0.001000s ]

[ 2019-01-19T16:19:21+08:00 ] ::1 /tp/
INFO: [ app_init ] --START--
INFO: Run Behavior\BuildLiteBehavior [ RunTime:0.000000s ]
INFO: [ app_init ] --END-- [ RunTime:0.000000s ]
INFO: [ app_begin ] --START--
INFO: Run Behavior\ReadHtmlCacheBehavior [ RunTime:0.002000s ]
INFO: [ app_begin ] --END-- [ RunTime:0.002000s ]
SQL: SHOW COLUMNS FROM `think_cate` [ RunTime:0.004000s ]
SQL: SELECT * FROM `think_cate` ORDER BY sort desc  [ RunTime:0.001000s ]
SQL: SHOW COLUMNS FROM `think_link` [ RunTime:0.004000s ]
SQL: SELECT * FROM `think_link` ORDER BY sort desc  [ RunTime:0.001000s ]
SQL: SHOW COLUMNS FROM `think_navigation` [ RunTime:0.004000s ]
SQL: SELECT * FROM `think_navigation` ORDER BY sort desc  [ RunTime:0.001000s ]
SQL: SHOW COLUMNS FROM `think_article` [ RunTime:0.004000s ]
SQL: SELECT * FROM `think_article` WHERE `cateid` = 5 ORDER BY id desc  [ RunTime:0.000000s ]
SQL: SELECT * FROM `think_article` WHERE `cateid` = 6 ORDER BY id desc  [ RunTime:0.001000s ]
SQL: SELECT * FROM `think_article` WHERE `cateid` = 7 ORDER BY id desc  [ RunTime:0.001000s ]
INFO: [ view_parse ] --START--
INFO: [ template_filter ] --START--
INFO: Run Behavior\ContentReplaceBehavior [ RunTime:0.000000s ]
INFO: [ template_filter ] --END-- [ RunTime:0.000000s ]
INFO: Run Behavior\ParseTemplateBehavior [ RunTime:0.012000s ]
INFO: [ view_parse ] --END-- [ RunTime:0.012000s ]
INFO: [ view_filter ] --START--
INFO: Run Behavior\WriteHtmlCacheBehavior [ RunTime:0.000000s ]
INFO: [ view_filter ] --END-- [ RunTime:0.000000s ]
INFO: [ app_end ] --START--
INFO: Run Behavior\ShowPageTraceBehavior [ RunTime:0.001000s ]
INFO: [ app_end ] --END-- [ RunTime:0.001000s ]

[ 2019-01-19T16:20:20+08:00 ] ::1 /tp/
INFO: [ app_init ] --START--
INFO: Run Behavior\BuildLiteBehavior [ RunTime:0.000000s ]
INFO: [ app_init ] --END-- [ RunTime:0.000000s ]
INFO: [ app_begin ] --START--
INFO: Run Behavior\ReadHtmlCacheBehavior [ RunTime:0.001000s ]
INFO: [ app_begin ] --END-- [ RunTime:0.001000s ]
SQL: SHOW COLUMNS FROM `think_cate` [ RunTime:0.004000s ]
SQL: SELECT * FROM `think_cate` ORDER BY sort desc  [ RunTime:0.000000s ]
SQL: SHOW COLUMNS FROM `think_link` [ RunTime:0.004000s ]
SQL: SELECT * FROM `think_link` ORDER BY sort desc  [ RunTime:0.000000s ]
SQL: SHOW COLUMNS FROM `think_navigation` [ RunTime:0.004000s ]
SQL: SELECT * FROM `think_navigation` ORDER BY sort desc  [ RunTime:0.001000s ]
SQL: SHOW COLUMNS FROM `think_article` [ RunTime:0.004000s ]
SQL: SELECT * FROM `think_article` WHERE `cateid` = 5 ORDER BY id desc  [ RunTime:0.000000s ]
SQL: SELECT * FROM `think_article` WHERE `cateid` = 6 ORDER BY id desc  [ RunTime:0.001000s ]
SQL: SELECT * FROM `think_article` WHERE `cateid` = 7 ORDER BY id desc  [ RunTime:0.001000s ]
INFO: [ view_parse ] --START--
INFO: [ template_filter ] --START--
INFO: Run Behavior\ContentReplaceBehavior [ RunTime:0.001000s ]
INFO: [ template_filter ] --END-- [ RunTime:0.001000s ]
INFO: Run Behavior\ParseTemplateBehavior [ RunTime:0.012000s ]
INFO: [ view_parse ] --END-- [ RunTime:0.012000s ]
INFO: [ view_filter ] --START--
INFO: Run Behavior\WriteHtmlCacheBehavior [ RunTime:0.001000s ]
INFO: [ view_filter ] --END-- [ RunTime:0.001000s ]
INFO: [ app_end ] --START--
INFO: Run Behavior\ShowPageTraceBehavior [ RunTime:0.001000s ]
INFO: [ app_end ] --END-- [ RunTime:0.001000s ]

[ 2019-01-19T16:34:11+08:00 ] ::1 /tp/
INFO: [ app_init ] --START--
INFO: Run Behavior\BuildLiteBehavior [ RunTime:0.000000s ]
INFO: [ app_init ] --END-- [ RunTime:0.001000s ]
INFO: [ app_begin ] --START--
INFO: Run Behavior\ReadHtmlCacheBehavior [ RunTime:0.002000s ]
INFO: [ app_begin ] --END-- [ RunTime:0.002000s ]
SQL: SHOW COLUMNS FROM `think_cate` [ RunTime:0.003000s ]
SQL: SELECT * FROM `think_cate` ORDER BY sort desc  [ RunTime:0.000000s ]
SQL: SHOW COLUMNS FROM `think_link` [ RunTime:0.002000s ]
SQL: SELECT * FROM `think_link` ORDER BY sort desc  [ RunTime:0.000000s ]
SQL: SHOW COLUMNS FROM `think_navigation` [ RunTime:0.002000s ]
SQL: SELECT * FROM `think_navigation` ORDER BY sort desc  [ RunTime:0.000000s ]
SQL: SHOW COLUMNS FROM `think_article` [ RunTime:0.003000s ]
SQL: SELECT * FROM `think_article` WHERE `cateid` = 5 ORDER BY id desc  [ RunTime:0.000000s ]
SQL: SELECT * FROM `think_article` WHERE `cateid` = 6 ORDER BY id desc  [ RunTime:0.001000s ]
SQL: SELECT * FROM `think_article` WHERE `cateid` = 7 ORDER BY id desc  [ RunTime:0.000000s ]
INFO: [ view_parse ] --START--
INFO: [ template_filter ] --START--
INFO: Run Behavior\ContentReplaceBehavior [ RunTime:0.000000s ]
INFO: [ template_filter ] --END-- [ RunTime:0.000000s ]
INFO: Run Behavior\ParseTemplateBehavior [ RunTime:0.006000s ]
INFO: [ view_parse ] --END-- [ RunTime:0.006000s ]
INFO: [ view_filter ] --START--
INFO: Run Behavior\WriteHtmlCacheBehavior [ RunTime:0.000000s ]
INFO: [ view_filter ] --END-- [ RunTime:0.000000s ]
INFO: [ app_end ] --START--
INFO: Run Behavior\ShowPageTraceBehavior [ RunTime:0.000000s ]
INFO: [ app_end ] --END-- [ RunTime:0.001000s ]

[ 2019-01-19T20:32:47+08:00 ] ::1 /tp/
INFO: [ app_init ] --START--
INFO: Run Behavior\BuildLiteBehavior [ RunTime:0.000000s ]
INFO: [ app_init ] --END-- [ RunTime:0.001000s ]
INFO: [ app_begin ] --START--
INFO: Run Behavior\ReadHtmlCacheBehavior [ RunTime:0.001000s ]
INFO: [ app_begin ] --END-- [ RunTime:0.001000s ]
SQL: SHOW COLUMNS FROM `think_cate` [ RunTime:0.002000s ]
SQL: SELECT * FROM `think_cate` ORDER BY sort desc  [ RunTime:0.001000s ]
SQL: SHOW COLUMNS FROM `think_link` [ RunTime:0.002000s ]
SQL: SELECT * FROM `think_link` ORDER BY sort desc  [ RunTime:0.000000s ]
SQL: SHOW COLUMNS FROM `think_navigation` [ RunTime:0.002000s ]
SQL: SELECT * FROM `think_navigation` ORDER BY sort desc  [ RunTime:0.001000s ]
SQL: SHOW COLUMNS FROM `think_article` [ RunTime:0.002000s ]
SQL: SELECT * FROM `think_article` WHERE `cateid` = 6 ORDER BY id desc  [ RunTime:0.001000s ]

