[ 2019-01-18T10:05:11+08:00 ] ::1 /tp/index.php/Home/Article/info/id/8
INFO: [ app_init ] --START--
INFO: Run Behavior\BuildLiteBehavior [ RunTime:0.000000s ]
INFO: [ app_init ] --END-- [ RunTime:0.001000s ]
INFO: [ app_begin ] --START--
INFO: Run Behavior\ReadHtmlCacheBehavior [ RunTime:0.003000s ]
INFO: [ app_begin ] --END-- [ RunTime:0.003000s ]
SQL: SHOW COLUMNS FROM `think_article` [ RunTime:0.008000s ]
SQL: SELECT * FROM `think_article` WHERE `id` = 8 LIMIT 1   [ RunTime:0.001000s ]
SQL: SELECT * FROM `think_article` WHERE ( id<8 ) ORDER BY id desc LIMIT 1   [ RunTime:0.001000s ]
SQL: SELECT * FROM `think_article` WHERE ( id>8 ) ORDER BY id desc LIMIT 1   [ RunTime:0.000000s ]
SQL: SHOW COLUMNS FROM `think_cate` [ RunTime:0.008000s ]
SQL: SELECT * FROM `think_cate` WHERE `id` = 7 LIMIT 1   [ RunTime:0.001000s ]
INFO: [ view_parse ] --START--
INFO: [ template_filter ] --START--
INFO: Run Behavior\ContentReplaceBehavior [ RunTime:0.001000s ]
INFO: [ template_filter ] --END-- [ RunTime:0.001000s ]
NOTIC: [8] Undefined variable: navigations G:\xmapp\htdocs\tp\Application\Runtime\Cache\Home\96538669839cc852f7a8ebba20ee3aef.php 第 26 行.
INFO: Run Behavior\ParseTemplateBehavior [ RunTime:0.019000s ]
INFO: [ view_parse ] --END-- [ RunTime:0.019000s ]
INFO: [ view_filter ] --START--
INFO: Run Behavior\WriteHtmlCacheBehavior [ RunTime:0.001000s ]
INFO: [ view_filter ] --END-- [ RunTime:0.001000s ]
INFO: [ app_end ] --START--
INFO: Run Behavior\ShowPageTraceBehavior [ RunTime:0.002000s ]
INFO: [ app_end ] --END-- [ RunTime:0.002000s ]

[ 2019-01-18T10:05:12+08:00 ] ::1 /tp/index.php/Home/Article/info/id/js/page.js
INFO: [ app_init ] --START--
INFO: Run Behavior\BuildLiteBehavior [ RunTime:0.000000s ]
INFO: [ app_init ] --END-- [ RunTime:0.001000s ]
INFO: [ app_begin ] --START--
INFO: Run Behavior\ReadHtmlCacheBehavior [ RunTime:0.001000s ]
INFO: [ app_begin ] --END-- [ RunTime:0.001000s ]
SQL: SHOW COLUMNS FROM `think_article` [ RunTime:0.004000s ]
SQL: SELECT * FROM `think_article` WHERE `id` = 0 LIMIT 1   [ RunTime:0.000000s ]
SQL: SELECT * FROM `think_article` WHERE ( id<js ) ORDER BY id desc LIMIT 1   [ RunTime:0.000000s ]
ERR: 1054:Unknown column 'js' in 'where clause'
 [ SQL语句 ] : SELECT * FROM `think_article` WHERE ( id<js ) ORDER BY id desc LIMIT 1  
SQL: SELECT * FROM `think_article` WHERE ( id>js ) ORDER BY id desc LIMIT 1   [ RunTime:0.000000s ]
ERR: 1054:Unknown column 'js' in 'where clause'
 [ SQL语句 ] : SELECT * FROM `think_article` WHERE ( id>js ) ORDER BY id desc LIMIT 1  
SQL: SHOW COLUMNS FROM `think_cate` [ RunTime:0.003000s ]
SQL: SELECT * FROM `think_cate` LIMIT 1   [ RunTime:0.000000s ]
INFO: [ view_parse ] --START--
INFO: [ template_filter ] --START--
INFO: Run Behavior\ContentReplaceBehavior [ RunTime:0.000000s ]
INFO: [ template_filter ] --END-- [ RunTime:0.000000s ]
NOTIC: [8] Undefined variable: navigations G:\xmapp\htdocs\tp\Application\Runtime\Cache\Home\96538669839cc852f7a8ebba20ee3aef.php 第 26 行.
INFO: Run Behavior\ParseTemplateBehavior [ RunTime:0.006000s ]
INFO: [ view_parse ] --END-- [ RunTime:0.006000s ]
INFO: [ view_filter ] --START--
INFO: Run Behavior\WriteHtmlCacheBehavior [ RunTime:0.000000s ]
INFO: [ view_filter ] --END-- [ RunTime:0.000000s ]
INFO: [ app_end ] --START--
INFO: Run Behavior\ShowPageTraceBehavior [ RunTime:0.001000s ]
INFO: [ app_end ] --END-- [ RunTime:0.001000s ]

[ 2019-01-18T10:09:34+08:00 ] ::1 /tp/index.php/Home/Article/info/id/8
INFO: [ app_init ] --START--
INFO: Run Behavior\BuildLiteBehavior [ RunTime:0.000000s ]
INFO: [ app_init ] --END-- [ RunTime:0.001000s ]
INFO: [ app_begin ] --START--
INFO: Run Behavior\ReadHtmlCacheBehavior [ RunTime:0.001000s ]
INFO: [ app_begin ] --END-- [ RunTime:0.001000s ]
SQL: SHOW COLUMNS FROM `think_article` [ RunTime:0.007000s ]
SQL: SELECT * FROM `think_article` WHERE `id` = 8 LIMIT 1   [ RunTime:0.001000s ]
SQL: SELECT * FROM `think_article` WHERE ( id<8 ) ORDER BY id desc LIMIT 1   [ RunTime:0.001000s ]
SQL: SELECT * FROM `think_article` WHERE ( id>8 ) ORDER BY id desc LIMIT 1   [ RunTime:0.001000s ]
SQL: SHOW COLUMNS FROM `think_cate` [ RunTime:0.006000s ]
SQL: SELECT * FROM `think_cate` WHERE `id` = 7 LIMIT 1   [ RunTime:0.001000s ]
INFO: [ view_parse ] --START--
INFO: [ template_filter ] --START--
INFO: Run Behavior\ContentReplaceBehavior [ RunTime:0.000000s ]
INFO: [ template_filter ] --END-- [ RunTime:0.000000s ]
NOTIC: [8] Undefined variable: navigations G:\xmapp\htdocs\tp\Application\Runtime\Cache\Home\96538669839cc852f7a8ebba20ee3aef.php 第 26 行.
INFO: Run Behavior\ParseTemplateBehavior [ RunTime:0.017000s ]
INFO: [ view_parse ] --END-- [ RunTime:0.017000s ]
INFO: [ view_filter ] --START--
INFO: Run Behavior\WriteHtmlCacheBehavior [ RunTime:0.002000s ]
INFO: [ view_filter ] --END-- [ RunTime:0.002000s ]
INFO: [ app_end ] --START--
INFO: Run Behavior\ShowPageTraceBehavior [ RunTime:0.002000s ]
INFO: [ app_end ] --END-- [ RunTime:0.002000s ]

[ 2019-01-18T10:09:34+08:00 ] ::1 /tp/index.php/Home/Article/info/id/js/page.js
INFO: [ app_init ] --START--
INFO: Run Behavior\BuildLiteBehavior [ RunTime:0.000000s ]
INFO: [ app_init ] --END-- [ RunTime:0.001000s ]
INFO: [ app_begin ] --START--
INFO: Run Behavior\ReadHtmlCacheBehavior [ RunTime:0.001000s ]
INFO: [ app_begin ] --END-- [ RunTime:0.001000s ]
SQL: SHOW COLUMNS FROM `think_article` [ RunTime:0.005000s ]
SQL: SELECT * FROM `think_article` WHERE `id` = 0 LIMIT 1   [ RunTime:0.001000s ]
SQL: SELECT * FROM `think_article` WHERE ( id<js ) ORDER BY id desc LIMIT 1   [ RunTime:0.000000s ]
ERR: 1054:Unknown column 'js' in 'where clause'
 [ SQL语句 ] : SELECT * FROM `think_article` WHERE ( id<js ) ORDER BY id desc LIMIT 1  
SQL: SELECT * FROM `think_article` WHERE ( id>js ) ORDER BY id desc LIMIT 1   [ RunTime:0.001000s ]
ERR: 1054:Unknown column 'js' in 'where clause'
 [ SQL语句 ] : SELECT * FROM `think_article` WHERE ( id>js ) ORDER BY id desc LIMIT 1  
SQL: SHOW COLUMNS FROM `think_cate` [ RunTime:0.004000s ]
SQL: SELECT * FROM `think_cate` LIMIT 1   [ RunTime:0.000000s ]
INFO: [ view_parse ] --START--
INFO: [ template_filter ] --START--
INFO: Run Behavior\ContentReplaceBehavior [ RunTime:0.000000s ]
INFO: [ template_filter ] --END-- [ RunTime:0.000000s ]
NOTIC: [8] Undefined variable: navigations G:\xmapp\htdocs\tp\Application\Runtime\Cache\Home\96538669839cc852f7a8ebba20ee3aef.php 第 26 行.
INFO: Run Behavior\ParseTemplateBehavior [ RunTime:0.007000s ]
INFO: [ view_parse ] --END-- [ RunTime:0.007000s ]
INFO: [ view_filter ] --START--
INFO: Run Behavior\WriteHtmlCacheBehavior [ RunTime:0.000000s ]
INFO: [ view_filter ] --END-- [ RunTime:0.000000s ]
INFO: [ app_end ] --START--
INFO: Run Behavior\ShowPageTraceBehavior [ RunTime:0.000000s ]
INFO: [ app_end ] --END-- [ RunTime:0.000000s ]

[ 2019-01-18T10:09:35+08:00 ] ::1 /tp/index.php/Home/Article/info/id/8
INFO: [ app_init ] --START--
INFO: Run Behavior\BuildLiteBehavior [ RunTime:0.000000s ]
INFO: [ app_init ] --END-- [ RunTime:0.001000s ]
INFO: [ app_begin ] --START--
INFO: Run Behavior\ReadHtmlCacheBehavior [ RunTime:0.001000s ]
INFO: [ app_begin ] --END-- [ RunTime:0.001000s ]
SQL: SHOW COLUMNS FROM `think_article` [ RunTime:0.004000s ]
SQL: SELECT * FROM `think_article` WHERE `id` = 8 LIMIT 1   [ RunTime:0.001000s ]
SQL: SELECT * FROM `think_article` WHERE ( id<8 ) ORDER BY id desc LIMIT 1   [ RunTime:0.001000s ]
SQL: SELECT * FROM `think_article` WHERE ( id>8 ) ORDER BY id desc LIMIT 1   [ RunTime:0.000000s ]
SQL: SHOW COLUMNS FROM `think_cate` [ RunTime:0.004000s ]
SQL: SELECT * FROM `think_cate` WHERE `id` = 7 LIMIT 1   [ RunTime:0.001000s ]
INFO: [ view_parse ] --START--
INFO: [ template_filter ] --START--
INFO: Run Behavior\ContentReplaceBehavior [ RunTime:0.000000s ]
INFO: [ template_filter ] --END-- [ RunTime:0.000000s ]
NOTIC: [8] Undefined variable: navigations G:\xmapp\htdocs\tp\Application\Runtime\Cache\Home\96538669839cc852f7a8ebba20ee3aef.php 第 26 行.
INFO: Run Behavior\ParseTemplateBehavior [ RunTime:0.008000s ]
INFO: [ view_parse ] --END-- [ RunTime:0.008000s ]
INFO: [ view_filter ] --START--
INFO: Run Behavior\WriteHtmlCacheBehavior [ RunTime:0.000000s ]
INFO: [ view_filter ] --END-- [ RunTime:0.000000s ]
INFO: [ app_end ] --START--
INFO: Run Behavior\ShowPageTraceBehavior [ RunTime:0.001000s ]
INFO: [ app_end ] --END-- [ RunTime:0.001000s ]

[ 2019-01-18T10:09:35+08:00 ] ::1 /tp/index.php/Home/Article/info/id/js/page.js
INFO: [ app_init ] --START--
INFO: Run Behavior\BuildLiteBehavior [ RunTime:0.000000s ]
INFO: [ app_init ] --END-- [ RunTime:0.001000s ]
INFO: [ app_begin ] --START--
INFO: Run Behavior\ReadHtmlCacheBehavior [ RunTime:0.000000s ]
INFO: [ app_begin ] --END-- [ RunTime:0.000000s ]
SQL: SHOW COLUMNS FROM `think_article` [ RunTime:0.003000s ]
SQL: SELECT * FROM `think_article` WHERE `id` = 0 LIMIT 1   [ RunTime:0.001000s ]
SQL: SELECT * FROM `think_article` WHERE ( id<js ) ORDER BY id desc LIMIT 1   [ RunTime:0.000000s ]
ERR: 1054:Unknown column 'js' in 'where clause'
 [ SQL语句 ] : SELECT * FROM `think_article` WHERE ( id<js ) ORDER BY id desc LIMIT 1  
SQL: SELECT * FROM `think_article` WHERE ( id>js ) ORDER BY id desc LIMIT 1   [ RunTime:0.000000s ]
ERR: 1054:Unknown column 'js' in 'where clause'
 [ SQL语句 ] : SELECT * FROM `think_article` WHERE ( id>js ) ORDER BY id desc LIMIT 1  
SQL: SHOW COLUMNS FROM `think_cate` [ RunTime:0.002000s ]
SQL: SELECT * FROM `think_cate` LIMIT 1   [ RunTime:0.000000s ]
INFO: [ view_parse ] --START--
INFO: [ template_filter ] --START--
INFO: Run Behavior\ContentReplaceBehavior [ RunTime:0.000000s ]
INFO: [ template_filter ] --END-- [ RunTime:0.000000s ]
NOTIC: [8] Undefined variable: navigations G:\xmapp\htdocs\tp\Application\Runtime\Cache\Home\96538669839cc852f7a8ebba20ee3aef.php 第 26 行.
INFO: Run Behavior\ParseTemplateBehavior [ RunTime:0.007000s ]
INFO: [ view_parse ] --END-- [ RunTime:0.007000s ]
INFO: [ view_filter ] --START--
INFO: Run Behavior\WriteHtmlCacheBehavior [ RunTime:0.000000s ]
INFO: [ view_filter ] --END-- [ RunTime:0.000000s ]
INFO: [ app_end ] --START--
INFO: Run Behavior\ShowPageTraceBehavior [ RunTime:0.001000s ]
INFO: [ app_end ] --END-- [ RunTime:0.001000s ]

[ 2019-01-18T10:09:35+08:00 ] ::1 /tp/index.php/Home/Article/info/id/8
INFO: [ app_init ] --START--
INFO: Run Behavior\BuildLiteBehavior [ RunTime:0.000000s ]
INFO: [ app_init ] --END-- [ RunTime:0.001000s ]
INFO: [ app_begin ] --START--
INFO: Run Behavior\ReadHtmlCacheBehavior [ RunTime:0.001000s ]
INFO: [ app_begin ] --END-- [ RunTime:0.001000s ]
SQL: SHOW COLUMNS FROM `think_article` [ RunTime:0.002000s ]
SQL: SELECT * FROM `think_article` WHERE `id` = 8 LIMIT 1   [ RunTime:0.001000s ]
SQL: SELECT * FROM `think_article` WHERE ( id<8 ) ORDER BY id desc LIMIT 1   [ RunTime:0.000000s ]
SQL: SELECT * FROM `think_article` WHERE ( id>8 ) ORDER BY id desc LIMIT 1   [ RunTime:0.000000s ]
SQL: SHOW COLUMNS FROM `think_cate` [ RunTime:0.002000s ]
SQL: SELECT * FROM `think_cate` WHERE `id` = 7 LIMIT 1   [ RunTime:0.000000s ]
INFO: [ view_parse ] --START--
INFO: [ template_filter ] --START--
INFO: Run Behavior\ContentReplaceBehavior [ RunTime:0.001000s ]
INFO: [ template_filter ] --END-- [ RunTime:0.001000s ]
NOTIC: [8] Undefined variable: navigations G:\xmapp\htdocs\tp\Application\Runtime\Cache\Home\96538669839cc852f7a8ebba20ee3aef.php 第 26 行.
INFO: Run Behavior\ParseTemplateBehavior [ RunTime:0.006000s ]
INFO: [ view_parse ] --END-- [ RunTime:0.006000s ]
INFO: [ view_filter ] --START--
INFO: Run Behavior\WriteHtmlCacheBehavior [ RunTime:0.000000s ]
INFO: [ view_filter ] --END-- [ RunTime:0.000000s ]
INFO: [ app_end ] --START--
INFO: Run Behavior\ShowPageTraceBehavior [ RunTime:0.001000s ]
INFO: [ app_end ] --END-- [ RunTime:0.001000s ]

[ 2019-01-18T10:09:35+08:00 ] ::1 /tp/index.php/Home/Article/info/id/js/page.js
INFO: [ app_init ] --START--
INFO: Run Behavior\BuildLiteBehavior [ RunTime:0.000000s ]
INFO: [ app_init ] --END-- [ RunTime:0.001000s ]
INFO: [ app_begin ] --START--
INFO: Run Behavior\ReadHtmlCacheBehavior [ RunTime:0.001000s ]
INFO: [ app_begin ] --END-- [ RunTime:0.001000s ]
SQL: SHOW COLUMNS FROM `think_article` [ RunTime:0.003000s ]
SQL: SELECT * FROM `think_article` WHERE `id` = 0 LIMIT 1   [ RunTime:0.000000s ]
SQL: SELECT * FROM `think_article` WHERE ( id<js ) ORDER BY id desc LIMIT 1   [ RunTime:0.000000s ]
ERR: 1054:Unknown column 'js' in 'where clause'
 [ SQL语句 ] : SELECT * FROM `think_article` WHERE ( id<js ) ORDER BY id desc LIMIT 1  
SQL: SELECT * FROM `think_article` WHERE ( id>js ) ORDER BY id desc LIMIT 1   [ RunTime:0.000000s ]
ERR: 1054:Unknown column 'js' in 'where clause'
 [ SQL语句 ] : SELECT * FROM `think_article` WHERE ( id>js ) ORDER BY id desc LIMIT 1  
SQL: SHOW COLUMNS FROM `think_cate` [ RunTime:0.004000s ]
SQL: SELECT * FROM `think_cate` LIMIT 1   [ RunTime:0.000000s ]
INFO: [ view_parse ] --START--
INFO: [ template_filter ] --START--
INFO: Run Behavior\ContentReplaceBehavior [ RunTime:0.000000s ]
INFO: [ template_filter ] --END-- [ RunTime:0.000000s ]
NOTIC: [8] Undefined variable: navigations G:\xmapp\htdocs\tp\Application\Runtime\Cache\Home\96538669839cc852f7a8ebba20ee3aef.php 第 26 行.
INFO: Run Behavior\ParseTemplateBehavior [ RunTime:0.007000s ]
INFO: [ view_parse ] --END-- [ RunTime:0.007000s ]
INFO: [ view_filter ] --START--
INFO: Run Behavior\WriteHtmlCacheBehavior [ RunTime:0.000000s ]
INFO: [ view_filter ] --END-- [ RunTime:0.000000s ]
INFO: [ app_end ] --START--
INFO: Run Behavior\ShowPageTraceBehavior [ RunTime:0.001000s ]
INFO: [ app_end ] --END-- [ RunTime:0.001000s ]

[ 2019-01-18T10:09:36+08:00 ] ::1 /tp/index.php/Home/Article/info/id/8
INFO: [ app_init ] --START--
INFO: Run Behavior\BuildLiteBehavior [ RunTime:0.000000s ]
INFO: [ app_init ] --END-- [ RunTime:0.000000s ]
INFO: [ app_begin ] --START--
INFO: Run Behavior\ReadHtmlCacheBehavior [ RunTime:0.001000s ]
INFO: [ app_begin ] --END-- [ RunTime:0.001000s ]
SQL: SHOW COLUMNS FROM `think_article` [ RunTime:0.002000s ]
SQL: SELECT * FROM `think_article` WHERE `id` = 8 LIMIT 1   [ RunTime:0.001000s ]
SQL: SELECT * FROM `think_article` WHERE ( id<8 ) ORDER BY id desc LIMIT 1   [ RunTime:0.000000s ]
SQL: SELECT * FROM `think_article` WHERE ( id>8 ) ORDER BY id desc LIMIT 1   [ RunTime:0.000000s ]
SQL: SHOW COLUMNS FROM `think_cate` [ RunTime:0.002000s ]
SQL: SELECT * FROM `think_cate` WHERE `id` = 7 LIMIT 1   [ RunTime:0.000000s ]
INFO: [ view_parse ] --START--
INFO: [ template_filter ] --START--
INFO: Run Behavior\ContentReplaceBehavior [ RunTime:0.000000s ]
INFO: [ template_filter ] --END-- [ RunTime:0.000000s ]
NOTIC: [8] Undefined variable: navigations G:\xmapp\htdocs\tp\Application\Runtime\Cache\Home\96538669839cc852f7a8ebba20ee3aef.php 第 26 行.
INFO: Run Behavior\ParseTemplateBehavior [ RunTime:0.006000s ]
INFO: [ view_parse ] --END-- [ RunTime:0.006000s ]
INFO: [ view_filter ] --START--
INFO: Run Behavior\WriteHtmlCacheBehavior [ RunTime:0.001000s ]
INFO: [ view_filter ] --END-- [ RunTime:0.001000s ]
INFO: [ app_end ] --START--
INFO: Run Behavior\ShowPageTraceBehavior [ RunTime:0.001000s ]
INFO: [ app_end ] --END-- [ RunTime:0.001000s ]

[ 2019-01-18T10:09:36+08:00 ] ::1 /tp/index.php/Home/Article/info/id/js/page.js
INFO: [ app_init ] --START--
INFO: Run Behavior\BuildLiteBehavior [ RunTime:0.000000s ]
INFO: [ app_init ] --END-- [ RunTime:0.000000s ]
INFO: [ app_begin ] --START--
INFO: Run Behavior\ReadHtmlCacheBehavior [ RunTime:0.001000s ]
INFO: [ app_begin ] --END-- [ RunTime:0.001000s ]
SQL: SHOW COLUMNS FROM `think_article` [ RunTime:0.003000s ]
SQL: SELECT * FROM `think_article` WHERE `id` = 0 LIMIT 1   [ RunTime:0.000000s ]
SQL: SELECT * FROM `think_article` WHERE ( id<js ) ORDER BY id desc LIMIT 1   [ RunTime:0.000000s ]
ERR: 1054:Unknown column 'js' in 'where clause'
 [ SQL语句 ] : SELECT * FROM `think_article` WHERE ( id<js ) ORDER BY id desc LIMIT 1  
SQL: SELECT * FROM `think_article` WHERE ( id>js ) ORDER BY id desc LIMIT 1   [ RunTime:0.000000s ]
ERR: 1054:Unknown column 'js' in 'where clause'
 [ SQL语句 ] : SELECT * FROM `think_article` WHERE ( id>js ) ORDER BY id desc LIMIT 1  
SQL: SHOW COLUMNS FROM `think_cate` [ RunTime:0.003000s ]
SQL: SELECT * FROM `think_cate` LIMIT 1   [ RunTime:0.000000s ]
INFO: [ view_parse ] --START--
INFO: [ template_filter ] --START--
INFO: Run Behavior\ContentReplaceBehavior [ RunTime:0.000000s ]
INFO: [ template_filter ] --END-- [ RunTime:0.000000s ]
NOTIC: [8] Undefined variable: navigations G:\xmapp\htdocs\tp\Application\Runtime\Cache\Home\96538669839cc852f7a8ebba20ee3aef.php 第 26 行.
INFO: Run Behavior\ParseTemplateBehavior [ RunTime:0.007000s ]
INFO: [ view_parse ] --END-- [ RunTime:0.007000s ]
INFO: [ view_filter ] --START--
INFO: Run Behavior\WriteHtmlCacheBehavior [ RunTime:0.001000s ]
INFO: [ view_filter ] --END-- [ RunTime:0.001000s ]
INFO: [ app_end ] --START--
INFO: Run Behavior\ShowPageTraceBehavior [ RunTime:0.001000s ]
INFO: [ app_end ] --END-- [ RunTime:0.001000s ]

[ 2019-01-18T10:11:34+08:00 ] ::1 /tp/index.php/Home/Article/info/id/8
INFO: [ app_init ] --START--
INFO: Run Behavior\BuildLiteBehavior [ RunTime:0.000000s ]
INFO: [ app_init ] --END-- [ RunTime:0.001000s ]
INFO: [ app_begin ] --START--
INFO: Run Behavior\ReadHtmlCacheBehavior [ RunTime:0.002000s ]
INFO: [ app_begin ] --END-- [ RunTime:0.002000s ]
SQL: SHOW COLUMNS FROM `think_article` [ RunTime:0.005000s ]
SQL: SELECT * FROM `think_article` WHERE `id` = 8 LIMIT 1   [ RunTime:0.001000s ]
SQL: SELECT * FROM `think_article` WHERE ( id<8 ) ORDER BY id desc LIMIT 1   [ RunTime:0.001000s ]
SQL: SELECT * FROM `think_article` WHERE ( id>8 ) ORDER BY id desc LIMIT 1   [ RunTime:0.001000s ]
SQL: SHOW COLUMNS FROM `think_cate` [ RunTime:0.005000s ]
SQL: SELECT * FROM `think_cate` WHERE `id` = 7 LIMIT 1   [ RunTime:0.000000s ]
INFO: [ view_parse ] --START--
INFO: [ template_filter ] --START--
INFO: Run Behavior\ContentReplaceBehavior [ RunTime:0.000000s ]
INFO: [ template_filter ] --END-- [ RunTime:0.001000s ]
NOTIC: [8] Undefined variable: navigations G:\xmapp\htdocs\tp\Application\Runtime\Cache\Home\96538669839cc852f7a8ebba20ee3aef.php 第 26 行.
INFO: Run Behavior\ParseTemplateBehavior [ RunTime:0.015000s ]
INFO: [ view_parse ] --END-- [ RunTime:0.015000s ]
INFO: [ view_filter ] --START--
INFO: Run Behavior\WriteHtmlCacheBehavior [ RunTime:0.001000s ]
INFO: [ view_filter ] --END-- [ RunTime:0.001000s ]
INFO: [ app_end ] --START--
INFO: Run Behavior\ShowPageTraceBehavior [ RunTime:0.002000s ]
INFO: [ app_end ] --END-- [ RunTime:0.002000s ]

[ 2019-01-18T10:11:34+08:00 ] ::1 /tp/index.php/Home/Article/info/id/js/page.js
INFO: [ app_init ] --START--
INFO: Run Behavior\BuildLiteBehavior [ RunTime:0.001000s ]
INFO: [ app_init ] --END-- [ RunTime:0.001000s ]
INFO: [ app_begin ] --START--
INFO: Run Behavior\ReadHtmlCacheBehavior [ RunTime:0.001000s ]
INFO: [ app_begin ] --END-- [ RunTime:0.001000s ]
SQL: SHOW COLUMNS FROM `think_article` [ RunTime:0.006000s ]
SQL: SELECT * FROM `think_article` WHERE `id` = 0 LIMIT 1   [ RunTime:0.000000s ]
SQL: SELECT * FROM `think_article` WHERE ( id<js ) ORDER BY id desc LIMIT 1   [ RunTime:0.000000s ]
ERR: 1054:Unknown column 'js' in 'where clause'
 [ SQL语句 ] : SELECT * FROM `think_article` WHERE ( id<js ) ORDER BY id desc LIMIT 1  
SQL: SELECT * FROM `think_article` WHERE ( id>js ) ORDER BY id desc LIMIT 1   [ RunTime:0.001000s ]
ERR: 1054:Unknown column 'js' in 'where clause'
 [ SQL语句 ] : SELECT * FROM `think_article` WHERE ( id>js ) ORDER BY id desc LIMIT 1  
SQL: SHOW COLUMNS FROM `think_cate` [ RunTime:0.003000s ]
SQL: SELECT * FROM `think_cate` LIMIT 1   [ RunTime:0.001000s ]
INFO: [ view_parse ] --START--
INFO: [ template_filter ] --START--
INFO: Run Behavior\ContentReplaceBehavior [ RunTime:0.000000s ]
INFO: [ template_filter ] --END-- [ RunTime:0.000000s ]
NOTIC: [8] Undefined variable: navigations G:\xmapp\htdocs\tp\Application\Runtime\Cache\Home\96538669839cc852f7a8ebba20ee3aef.php 第 26 行.
INFO: Run Behavior\ParseTemplateBehavior [ RunTime:0.005000s ]
INFO: [ view_parse ] --END-- [ RunTime:0.005000s ]
INFO: [ view_filter ] --START--
INFO: Run Behavior\WriteHtmlCacheBehavior [ RunTime:0.001000s ]
INFO: [ view_filter ] --END-- [ RunTime:0.001000s ]
INFO: [ app_end ] --START--
INFO: Run Behavior\ShowPageTraceBehavior [ RunTime:0.000000s ]
INFO: [ app_end ] --END-- [ RunTime:0.000000s ]

[ 2019-01-18T10:12:24+08:00 ] ::1 /tp/index.php/Home/Article/info/id/8
INFO: [ app_init ] --START--
INFO: Run Behavior\BuildLiteBehavior [ RunTime:0.000000s ]
INFO: [ app_init ] --END-- [ RunTime:0.000000s ]
INFO: [ app_begin ] --START--
INFO: Run Behavior\ReadHtmlCacheBehavior [ RunTime:0.001000s ]
INFO: [ app_begin ] --END-- [ RunTime:0.001000s ]
SQL: SHOW COLUMNS FROM `think_article` [ RunTime:0.002000s ]
SQL: SELECT * FROM `think_article` WHERE `id` = 8 LIMIT 1   [ RunTime:0.001000s ]
SQL: SELECT * FROM `think_article` WHERE ( id<8 ) ORDER BY id desc LIMIT 1   [ RunTime:0.000000s ]
SQL: SELECT * FROM `think_article` WHERE ( id>8 ) ORDER BY id desc LIMIT 1   [ RunTime:0.000000s ]
SQL: SHOW COLUMNS FROM `think_cate` [ RunTime:0.001000s ]
SQL: SELECT * FROM `think_cate` WHERE `id` = 7 LIMIT 1   [ RunTime:0.001000s ]
INFO: [ view_parse ] --START--
INFO: [ template_filter ] --START--
INFO: Run Behavior\ContentReplaceBehavior [ RunTime:0.000000s ]
INFO: [ template_filter ] --END-- [ RunTime:0.000000s ]
NOTIC: [8] Undefined variable: navigations G:\xmapp\htdocs\tp\Application\Runtime\Cache\Home\96538669839cc852f7a8ebba20ee3aef.php 第 26 行.
INFO: Run Behavior\ParseTemplateBehavior [ RunTime:0.006000s ]
INFO: [ view_parse ] --END-- [ RunTime:0.006000s ]
INFO: [ view_filter ] --START--
INFO: Run Behavior\WriteHtmlCacheBehavior [ RunTime:0.000000s ]
INFO: [ view_filter ] --END-- [ RunTime:0.000000s ]
INFO: [ app_end ] --START--
INFO: Run Behavior\ShowPageTraceBehavior [ RunTime:0.000000s ]
INFO: [ app_end ] --END-- [ RunTime:0.000000s ]

[ 2019-01-18T10:12:24+08:00 ] ::1 /tp/index.php/Home/Article/info/id/js/page.js
INFO: [ app_init ] --START--
INFO: Run Behavior\BuildLiteBehavior [ RunTime:0.000000s ]
INFO: [ app_init ] --END-- [ RunTime:0.000000s ]
INFO: [ app_begin ] --START--
INFO: Run Behavior\ReadHtmlCacheBehavior [ RunTime:0.001000s ]
INFO: [ app_begin ] --END-- [ RunTime:0.001000s ]
SQL: SHOW COLUMNS FROM `think_article` [ RunTime:0.006000s ]
SQL: SELECT * FROM `think_article` WHERE `id` = 0 LIMIT 1   [ RunTime:0.001000s ]
SQL: SELECT * FROM `think_article` WHERE ( id<js ) ORDER BY id desc LIMIT 1   [ RunTime:0.000000s ]
ERR: 1054:Unknown column 'js' in 'where clause'
 [ SQL语句 ] : SELECT * FROM `think_article` WHERE ( id<js ) ORDER BY id desc LIMIT 1  
SQL: SELECT * FROM `think_article` WHERE ( id>js ) ORDER BY id desc LIMIT 1   [ RunTime:0.000000s ]
ERR: 1054:Unknown column 'js' in 'where clause'
 [ SQL语句 ] : SELECT * FROM `think_article` WHERE ( id>js ) ORDER BY id desc LIMIT 1  
SQL: SHOW COLUMNS FROM `think_cate` [ RunTime:0.003000s ]
SQL: SELECT * FROM `think_cate` LIMIT 1   [ RunTime:0.001000s ]
INFO: [ view_parse ] --START--
INFO: [ template_filter ] --START--
INFO: Run Behavior\ContentReplaceBehavior [ RunTime:0.000000s ]
INFO: [ template_filter ] --END-- [ RunTime:0.000000s ]
NOTIC: [8] Undefined variable: navigations G:\xmapp\htdocs\tp\Application\Runtime\Cache\Home\96538669839cc852f7a8ebba20ee3aef.php 第 26 行.
INFO: Run Behavior\ParseTemplateBehavior [ RunTime:0.009000s ]
INFO: [ view_parse ] --END-- [ RunTime:0.009000s ]
INFO: [ view_filter ] --START--
INFO: Run Behavior\WriteHtmlCacheBehavior [ RunTime:0.001000s ]
INFO: [ view_filter ] --END-- [ RunTime:0.001000s ]
INFO: [ app_end ] --START--
INFO: Run Behavior\ShowPageTraceBehavior [ RunTime:0.001000s ]
INFO: [ app_end ] --END-- [ RunTime:0.001000s ]

[ 2019-01-18T10:17:52+08:00 ] ::1 /tp/index.php/Home
INFO: [ app_init ] --START--
INFO: Run Behavior\BuildLiteBehavior [ RunTime:0.000000s ]
INFO: [ app_init ] --END-- [ RunTime:0.001000s ]
INFO: [ app_begin ] --START--
INFO: Run Behavior\ReadHtmlCacheBehavior [ RunTime:0.001000s ]
INFO: [ app_begin ] --END-- [ RunTime:0.001000s ]
SQL: SHOW COLUMNS FROM `think_cate` [ RunTime:0.004000s ]
SQL: SELECT * FROM `think_cate` ORDER BY sort desc  [ RunTime:0.001000s ]
SQL: SHOW COLUMNS FROM `think_link` [ RunTime:0.005000s ]
SQL: SELECT * FROM `think_link` ORDER BY sort desc  [ RunTime:0.000000s ]
SQL: SHOW COLUMNS FROM `think_navigation` [ RunTime:0.004000s ]
SQL: SELECT * FROM `think_navigation` ORDER BY sort desc  [ RunTime:0.001000s ]
SQL: SHOW COLUMNS FROM `think_article` [ RunTime:0.004000s ]
SQL: SELECT * FROM `think_article` WHERE `cateid` = 5 ORDER BY id desc  [ RunTime:0.001000s ]
SQL: SELECT * FROM `think_article` WHERE `cateid` = 6 ORDER BY id desc  [ RunTime:0.000000s ]
SQL: SELECT * FROM `think_article` WHERE `cateid` = 7 ORDER BY id desc  [ RunTime:0.000000s ]
INFO: [ view_parse ] --START--
INFO: [ template_filter ] --START--
INFO: Run Behavior\ContentReplaceBehavior [ RunTime:0.000000s ]
INFO: [ template_filter ] --END-- [ RunTime:0.000000s ]
INFO: Run Behavior\ParseTemplateBehavior [ RunTime:0.012000s ]
INFO: [ view_parse ] --END-- [ RunTime:0.012000s ]
INFO: [ view_filter ] --START--
INFO: Run Behavior\WriteHtmlCacheBehavior [ RunTime:0.001000s ]
INFO: [ view_filter ] --END-- [ RunTime:0.001000s ]
INFO: [ app_end ] --START--
INFO: Run Behavior\ShowPageTraceBehavior [ RunTime:0.001000s ]
INFO: [ app_end ] --END-- [ RunTime:0.001000s ]

[ 2019-01-18T10:18:06+08:00 ] ::1 /tp/index.php/Home
INFO: [ app_init ] --START--
INFO: Run Behavior\BuildLiteBehavior [ RunTime:0.001000s ]
INFO: [ app_init ] --END-- [ RunTime:0.001000s ]
INFO: [ app_begin ] --START--
INFO: Run Behavior\ReadHtmlCacheBehavior [ RunTime:0.001000s ]
INFO: [ app_begin ] --END-- [ RunTime:0.001000s ]
SQL: SHOW COLUMNS FROM `think_cate` [ RunTime:0.004000s ]
SQL: SELECT * FROM `think_cate` ORDER BY sort desc  [ RunTime:0.000000s ]
SQL: SHOW COLUMNS FROM `think_link` [ RunTime:0.003000s ]
SQL: SELECT * FROM `think_link` ORDER BY sort desc  [ RunTime:0.000000s ]
SQL: SHOW COLUMNS FROM `think_navigation` [ RunTime:0.004000s ]
SQL: SELECT * FROM `think_navigation` ORDER BY sort desc  [ RunTime:0.001000s ]
SQL: SHOW COLUMNS FROM `think_article` [ RunTime:0.003000s ]
SQL: SELECT * FROM `think_article` WHERE `cateid` = 5 ORDER BY id desc  [ RunTime:0.000000s ]
SQL: SELECT * FROM `think_article` WHERE `cateid` = 6 ORDER BY id desc  [ RunTime:0.000000s ]
SQL: SELECT * FROM `think_article` WHERE `cateid` = 7 ORDER BY id desc  [ RunTime:0.000000s ]
INFO: [ view_parse ] --START--
INFO: [ template_filter ] --START--
INFO: Run Behavior\ContentReplaceBehavior [ RunTime:0.000000s ]
INFO: [ template_filter ] --END-- [ RunTime:0.000000s ]
INFO: Run Behavior\ParseTemplateBehavior [ RunTime:0.009000s ]
INFO: [ view_parse ] --END-- [ RunTime:0.009000s ]
INFO: [ view_filter ] --START--
INFO: Run Behavior\WriteHtmlCacheBehavior [ RunTime:0.000000s ]
INFO: [ view_filter ] --END-- [ RunTime:0.001000s ]
INFO: [ app_end ] --START--
INFO: Run Behavior\ShowPageTraceBehavior [ RunTime:0.001000s ]
INFO: [ app_end ] --END-- [ RunTime:0.001000s ]

[ 2019-01-18T13:24:26+08:00 ] ::1 /tp/
INFO: [ app_init ] --START--
INFO: Run Behavior\BuildLiteBehavior [ RunTime:0.000000s ]
INFO: [ app_init ] --END-- [ RunTime:0.001000s ]
INFO: [ app_begin ] --START--
INFO: Run Behavior\ReadHtmlCacheBehavior [ RunTime:0.001000s ]
INFO: [ app_begin ] --END-- [ RunTime:0.001000s ]
SQL: SHOW COLUMNS FROM `think_cate` [ RunTime:0.003000s ]
SQL: SELECT * FROM `think_cate` ORDER BY sort desc  [ RunTime:0.000000s ]
SQL: SHOW COLUMNS FROM `think_link` [ RunTime:0.002000s ]
SQL: SELECT * FROM `think_link` ORDER BY sort desc  [ RunTime:0.001000s ]
SQL: SHOW COLUMNS FROM `think_navigation` [ RunTime:0.002000s ]
SQL: SELECT * FROM `think_navigation` ORDER BY sort desc  [ RunTime:0.000000s ]
SQL: SHOW COLUMNS FROM `think_article` [ RunTime:0.002000s ]
SQL: SELECT * FROM `think_article` WHERE `cateid` = 5 ORDER BY id desc  [ RunTime:0.001000s ]
SQL: SELECT * FROM `think_article` WHERE `cateid` = 6 ORDER BY id desc  [ RunTime:0.000000s ]
SQL: SELECT * FROM `think_article` WHERE `cateid` = 7 ORDER BY id desc  [ RunTime:0.000000s ]
INFO: [ view_parse ] --START--
INFO: [ template_filter ] --START--
INFO: Run Behavior\ContentReplaceBehavior [ RunTime:0.000000s ]
INFO: [ template_filter ] --END-- [ RunTime:0.000000s ]
INFO: Run Behavior\ParseTemplateBehavior [ RunTime:0.006000s ]
INFO: [ view_parse ] --END-- [ RunTime:0.006000s ]
INFO: [ view_filter ] --START--
INFO: Run Behavior\WriteHtmlCacheBehavior [ RunTime:0.001000s ]
INFO: [ view_filter ] --END-- [ RunTime:0.001000s ]
INFO: [ app_end ] --START--
INFO: Run Behavior\ShowPageTraceBehavior [ RunTime:0.000000s ]
INFO: [ app_end ] --END-- [ RunTime:0.000000s ]

