[ 2019-01-23T21:53:36+08:00 ] ::1 /tp/
INFO: [ app_init ] --START--
INFO: Run Behavior\BuildLiteBehavior [ RunTime:0.000000s ]
INFO: [ app_init ] --END-- [ RunTime:0.001000s ]
INFO: [ app_begin ] --START--
INFO: Run Behavior\ReadHtmlCacheBehavior [ RunTime:0.001000s ]
INFO: [ app_begin ] --END-- [ RunTime:0.001000s ]
SQL: SHOW COLUMNS FROM `think_cate` [ RunTime:0.011000s ]
SQL: SELECT * FROM `think_cate` ORDER BY sort desc  [ RunTime:0.008000s ]
SQL: SHOW COLUMNS FROM `think_link` [ RunTime:0.009000s ]
SQL: SELECT * FROM `think_link` ORDER BY sort desc  [ RunTime:0.008000s ]
SQL: SHOW COLUMNS FROM `think_navigation` [ RunTime:0.009000s ]
SQL: SELECT * FROM `think_navigation` ORDER BY sort desc  [ RunTime:0.009000s ]
SQL: SHOW COLUMNS FROM `think_article` [ RunTime:0.010000s ]
SQL: SELECT * FROM `think_article` WHERE `cateid` = 6 ORDER BY sum desc  [ RunTime:0.022000s ]
SQL: SELECT * FROM `think_article` WHERE `cateid` = 6 ORDER BY id desc  [ RunTime:0.016000s ]
SQL: SELECT * FROM `think_article` WHERE `cateid` = 7 ORDER BY id desc  [ RunTime:0.012000s ]
INFO: [ view_parse ] --START--
INFO: [ template_filter ] --START--
INFO: Run Behavior\ContentReplaceBehavior [ RunTime:0.000000s ]
INFO: [ template_filter ] --END-- [ RunTime:0.000000s ]
INFO: Run Behavior\ParseTemplateBehavior [ RunTime:0.032000s ]
INFO: [ view_parse ] --END-- [ RunTime:0.032000s ]
INFO: [ view_filter ] --START--
INFO: Run Behavior\WriteHtmlCacheBehavior [ RunTime:0.002000s ]
INFO: [ view_filter ] --END-- [ RunTime:0.002000s ]
INFO: [ app_end ] --START--
INFO: Run Behavior\ShowPageTraceBehavior [ RunTime:0.003000s ]
INFO: [ app_end ] --END-- [ RunTime:0.003000s ]

